#
# A fatal error has been detected by the Java Runtime Environment:
#
#  SIGSEGV (0xb) at pc=0x0000000000000000, pid=13350, tid=139864314656512
#
# JRE version: 7.0-b147
# Java VM: Java HotSpot(TM) 64-Bit Server VM (21.0-b17 mixed mode linux-amd64 compressed oops)
# Problematic frame:
# C  0x0000000000000000
#
# Failed to write core dump. Core dumps have been disabled. To enable core dumping, try "ulimit -c unlimited" before starting Java again
#
# If you would like to submit a bug report, please visit:
#   http://bugreport.sun.com/bugreport/crash.jsp
#

---------------  T H R E A D  ---------------

Current thread (0x0000000001b46000):  JavaThread "main" [_thread_in_Java, id=13352, stack(0x00007f34b2bab000,0x00007f34b2cac000)]

siginfo:si_signo=SIGSEGV: si_errno=0, si_code=1 (SEGV_MAPERR), si_addr=0x0000000000000000

Registers:
RAX=0x0000000000000000, RBX=0x00000000fb13d2e0, RCX=0x00007f34b2ca9670, RDX=0x00007f34ad116f98
RSP=0x00007f34b2ca9208, RBP=0x00007f34b2ca9260, RSI=0x00007f34b2ca9220, RDI=0x00007f34ad116f98
R8 =0x0000000000000051, R9 =0x00000000000000a2, R10=0x00007f34b20abc20, R11=0x00007f34b2ca9180
R12=0x0000000000000000, R13=0x00007f34b2ca9210, R14=0x00007f34b2ca9278, R15=0x0000000001b46000
RIP=0x0000000000000000, EFLAGS=0x0000000000010246, CSGSFS=0x0000000000000033, ERR=0x0000000000000014
  TRAPNO=0x000000000000000e

Top of Stack: (sp=0x00007f34b2ca9208)
0x00007f34b2ca9208:   00007f34ad116f98 00000000db84a720
0x00007f34b2ca9218:   00000000db84a710 00007f34b2ca9220
0x00007f34b2ca9228:   00000000fb13cb1a 00007f34b2ca9278
0x00007f34b2ca9238:   00000000fb13da18 0000000000000000
0x00007f34b2ca9248:   00000000fb13cb28 00007f34b2ca9210
0x00007f34b2ca9258:   00007f34b2ca9270 00007f34b2ca92c8
0x00007f34b2ca9268:   00007f34ad116f98 00000000db84a720
0x00007f34b2ca9278:   00000000db84a710 00000000db84a710
0x00007f34b2ca9288:   00007f34b2ca9288 00000000fb138c7e
0x00007f34b2ca9298:   00007f34b2ca9328 00000000fb13a128
0x00007f34b2ca92a8:   0000000000000000 00000000fb138db8
0x00007f34b2ca92b8:   00007f34b2ca9270 00007f34b2ca9320
0x00007f34b2ca92c8:   00007f34b2ca9370 00007f34ad117173
0x00007f34b2ca92d8:   0000000000000000 0000000000000000
0x00007f34b2ca92e8:   0000000000000000 0000000000000000
0x00007f34b2ca92f8:   0000000000000000 0000000000000000
0x00007f34b2ca9308:   0000000000000000 0000000000000000
0x00007f34b2ca9318:   00000000db84a3c8 00000000db84a310
0x00007f34b2ca9328:   00000000db84a250 00007f34b2ca9330
0x00007f34b2ca9338:   00000000fb1389ee 00007f34b2ca9398
0x00007f34b2ca9348:   00000000fb13a128 0000000000000000
0x00007f34b2ca9358:   00000000fb138a40 00007f34b2ca9320
0x00007f34b2ca9368:   00007f34b2ca9398 00007f34b2ca93e8
0x00007f34b2ca9378:   00007f34ad117173 0000000000000000
0x00007f34b2ca9388:   0000000000000000 00000000db84a250
0x00007f34b2ca9398:   00000000db84a0f0 00000000db84a0e0
0x00007f34b2ca93a8:   00007f34b2ca93a8 00000000fb13626b
0x00007f34b2ca93b8:   00007f34b2ca9408 00000000fb136d78
0x00007f34b2ca93c8:   0000000000000000 00000000fb136280
0x00007f34b2ca93d8:   00007f34b2ca9398 00007f34b2ca9400
0x00007f34b2ca93e8:   00007f34b2ca9460 00007f34ad116f98
0x00007f34b2ca93f8:   00000000db84a0f0 00000000db847080 

Instructions: (pc=0x0000000000000000)
0xffffffffffffffe0:   

Register to memory mapping:

RAX=0x0000000000000000 is an unknown value
RBX=0x00000000fb13d2e0 is an oop
{method} 
 - klass: {other class}
RCX=0x00007f34b2ca9670 is pointing into the stack for thread: 0x0000000001b46000
RDX=0x00007f34ad116f98 is an Interpreter codelet
return entry points  [0x00007f34ad1165c0, 0x00007f34ad1183c0]  7680 bytes
RSP=0x00007f34b2ca9208 is pointing into the stack for thread: 0x0000000001b46000
RBP=0x00007f34b2ca9260 is pointing into the stack for thread: 0x0000000001b46000
RSI=0x00007f34b2ca9220 is pointing into the stack for thread: 0x0000000001b46000
RDI=0x00007f34ad116f98 is an Interpreter codelet
return entry points  [0x00007f34ad1165c0, 0x00007f34ad1183c0]  7680 bytes
R8 =0x0000000000000051 is an unknown value
R9 =0x00000000000000a2 is an unknown value
R10=0x00007f34b20abc20: <offset 0xc7bc20> in /home/tema/Загрузки/jdk1.7.0/jre/lib/amd64/server/libjvm.so at 0x00007f34b1430000
R11=0x00007f34b2ca9180 is pointing into the stack for thread: 0x0000000001b46000
R12=0x0000000000000000 is an unknown value
R13=0x00007f34b2ca9210 is pointing into the stack for thread: 0x0000000001b46000
R14=0x00007f34b2ca9278 is pointing into the stack for thread: 0x0000000001b46000
R15=0x0000000001b46000 is a thread


Stack: [0x00007f34b2bab000,0x00007f34b2cac000],  sp=0x00007f34b2ca9208,  free space=1016k

---------------  P R O C E S S  ---------------

Java Threads: ( => current thread )
  0x0000000001c2a800 JavaThread "Service Thread" daemon [_thread_blocked, id=13362, stack(0x00007f34abe3a000,0x00007f34abf3b000)]
  0x0000000001c1f000 JavaThread "C2 CompilerThread1" daemon [_thread_blocked, id=13361, stack(0x00007f34abf3b000,0x00007f34ac03c000)]
  0x0000000001c1c800 JavaThread "C2 CompilerThread0" daemon [_thread_blocked, id=13360, stack(0x00007f34ac03c000,0x00007f34ac13d000)]
  0x0000000001c1a800 JavaThread "Signal Dispatcher" daemon [_thread_blocked, id=13359, stack(0x00007f34ac13d000,0x00007f34ac23e000)]
  0x0000000001bcb000 JavaThread "Finalizer" daemon [_thread_blocked, id=13358, stack(0x00007f34ac9e8000,0x00007f34acae9000)]
  0x0000000001bc8800 JavaThread "Reference Handler" daemon [_thread_blocked, id=13357, stack(0x00007f34acae9000,0x00007f34acbea000)]
=>0x0000000001b46000 JavaThread "main" [_thread_in_Java, id=13352, stack(0x00007f34b2bab000,0x00007f34b2cac000)]

Other Threads:
  0x0000000001bc1000 VMThread [stack: 0x00007f34acbea000,0x00007f34acceb000] [id=13356]
  0x0000000001c35800 WatcherThread [stack: 0x00007f34abd39000,0x00007f34abe3a000] [id=13363]

VM state:not at safepoint (normal execution)

VM Mutex/Monitor currently owned by a thread: None

Heap
 def new generation   total 9664K, used 2515K [0x00000000db600000, 0x00000000dc070000, 0x00000000e5e00000)
  eden space 8640K,  29% used [0x00000000db600000, 0x00000000db874de8, 0x00000000dbe70000)
  from space 1024K,   0% used [0x00000000dbe70000, 0x00000000dbe70000, 0x00000000dbf70000)
  to   space 1024K,   0% used [0x00000000dbf70000, 0x00000000dbf70000, 0x00000000dc070000)
 tenured generation   total 21504K, used 0K [0x00000000e5e00000, 0x00000000e7300000, 0x00000000fae00000)
   the space 21504K,   0% used [0x00000000e5e00000, 0x00000000e5e00000, 0x00000000e5e00200, 0x00000000e7300000)
 compacting perm gen  total 21248K, used 4008K [0x00000000fae00000, 0x00000000fc2c0000, 0x0000000100000000)
   the space 21248K,  18% used [0x00000000fae00000, 0x00000000fb1ea0b8, 0x00000000fb1ea200, 0x00000000fc2c0000)
No shared spaces configured.

Code Cache  [0x00007f34ad111000, 0x00007f34ad381000, 0x00007f34b0111000)
 total_blobs=219 nmethods=12 adapters=160 free_code_cache=48731Kb largest_free_block=49885248

Dynamic libraries:
00400000-00401000 r-xp 00000000 08:01 799502                             /home/tema/Загрузки/jdk1.7.0/bin/java
00600000-00601000 rw-p 00000000 08:01 799502                             /home/tema/Загрузки/jdk1.7.0/bin/java
01b3b000-02022000 rw-p 00000000 00:00 0                                  [heap]
db600000-dc070000 rw-p 00000000 00:00 0 
dc070000-e5e00000 rw-p 00000000 00:00 0 
e5e00000-e7300000 rw-p 00000000 00:00 0 
e7300000-fae00000 rw-p 00000000 00:00 0 
fae00000-fc2c0000 rw-p 00000000 00:00 0 
fc2c0000-100000000 rw-p 00000000 00:00 0 
7f34abc56000-7f34abc5a000 r--s 00088000 08:01 664551                     /home/tema/Загрузки/jdk1.7.0/jre/lib/jsse.jar
7f34abc5a000-7f34abc5c000 r--s 00005000 08:01 665229                     /home/tema/.eclipse/org.eclipse.platform_3.5.0_155965261/plugins/org.eclipse.emf.mwe2.launch_2.0.1.v201108020809.jar
7f34abc5c000-7f34abc5d000 r--s 00003000 08:01 665198                     /home/tema/.eclipse/org.eclipse.platform_3.5.0_155965261/plugins/org.eclipse.xtext.xtend2.lib_2.0.1.v201108020636.jar
7f34abc5d000-7f34abc5f000 r--s 00009000 08:01 665192                     /home/tema/.eclipse/org.eclipse.platform_3.5.0_155965261/plugins/org.eclipse.xtext.xbase.lib_2.0.1.v201108020636.jar
7f34abc5f000-7f34abc60000 r--s 00006000 08:01 665226                     /home/tema/.eclipse/org.eclipse.platform_3.5.0_155965261/plugins/org.eclipse.emf.mwe2.lib_2.0.1.v201108020506.jar
7f34abc60000-7f34abc6f000 r--s 0015a000 08:01 665087                     /home/tema/.eclipse/org.eclipse.platform_3.5.0_155965261/plugins/org.antlr.generator_3.2.0.v201108011202.jar
7f34abc6f000-7f34abc71000 r--s 00000000 08:01 665086                     /home/tema/.eclipse/org.eclipse.platform_3.5.0_155965261/plugins/de.itemis.xtext.antlr_2.0.0.v201108011202.jar
7f34abc71000-7f34abc76000 r--s 00041000 08:01 664744                     /home/tema/.eclipse/org.eclipse.platform_3.5.0_155965261/plugins/org.eclipse.emf.codegen_2.5.0.v200906151043.jar
7f34abc76000-7f34abc7e000 r--s 000db000 08:01 664747                     /home/tema/.eclipse/org.eclipse.platform_3.5.0_155965261/plugins/org.eclipse.emf.codegen.ecore_2.5.0.v200906151043.jar
7f34abc7e000-7f34abc80000 r--s 0000e000 08:01 665238                     /home/tema/.eclipse/org.eclipse.platform_3.5.0_155965261/plugins/org.eclipse.xtend.typesystem.emf_1.0.1.v201108020519.jar
7f34abc80000-7f34abc85000 r--s 00036000 08:01 665231                     /home/tema/.eclipse/org.eclipse.platform_3.5.0_155965261/plugins/org.eclipse.xpand_1.1.0.v201108020519.jar
7f34abc85000-7f34abca3000 r--s 00549000 08:01 803732                     /usr/share/java/com.ibm.icu-4.0.1.1.jar
7f34abca3000-7f34abcaf000 r--s 00075000 08:01 665234                     /home/tema/.eclipse/org.eclipse.platform_3.5.0_155965261/plugins/org.eclipse.xtend_1.1.0.v201108020519.jar
7f34abcaf000-7f34abcc3000 r--s 000ba000 08:01 665117                     /home/tema/.eclipse/org.eclipse.platform_3.5.0_155965261/plugins/org.eclipse.xtext.generator_2.0.1.v201108020636.jar
7f34abcc3000-7f34abcc5000 r--s 00014000 08:01 803829                     /usr/share/java/servlet-api-2.5.jar
7f34abcc5000-7f34abcc7000 r--s 0000c000 08:01 803818                     /usr/share/java/commons-logging-1.1.1.jar
7f34abcc7000-7f34abccf000 r--s 0005e000 08:01 665099                     /home/tema/.eclipse/org.eclipse.platform_3.5.0_155965261/plugins/org.apache.log4j_1.2.15.v201012070815.jar
7f34abccf000-7f34abcd0000 r--s 00007000 08:01 665225                     /home/tema/.eclipse/org.eclipse.platform_3.5.0_155965261/plugins/org.eclipse.emf.mwe.utils_1.1.1.v201108020506.jar
7f34abcd0000-7f34abcd1000 r--s 00002000 08:01 665227                     /home/tema/.eclipse/org.eclipse.platform_3.5.0_155965261/plugins/org.eclipse.emf.mwe2.runtime_2.0.1.v201108020506.jar
7f34abcd1000-7f34abcd2000 r--s 0000b000 08:01 665219                     /home/tema/.eclipse/org.eclipse.platform_3.5.0_155965261/plugins/org.apache.commons.cli_1.2.0.v201105210650.jar
7f34abcd2000-7f34abcd8000 r--s 00028000 08:01 665220                     /home/tema/.eclipse/org.eclipse.platform_3.5.0_155965261/plugins/org.eclipse.emf.mwe.core_1.1.1.v201108020506.jar
7f34abcd8000-7f34abcdc000 r--s 0002f000 08:01 665092                     /home/tema/.eclipse/org.eclipse.platform_3.5.0_155965261/plugins/org.antlr.runtime_3.2.0.v201101311130.jar
7f34abcdc000-7f34abceb000 r--s 000a8000 08:01 665090                     /home/tema/.eclipse/org.eclipse.platform_3.5.0_155965261/plugins/com.google.inject_2.0.0.v201105231817.jar
7f34abceb000-7f34abcf7000 r--s 0008b000 08:01 665088                     /home/tema/.eclipse/org.eclipse.platform_3.5.0_155965261/plugins/com.google.collect_1.0.0.v201105210816.jar
7f34abcf7000-7f34abcfb000 r--s 0001e000 08:01 665187                     /home/tema/.eclipse/org.eclipse.platform_3.5.0_155965261/plugins/org.eclipse.xtext.util_2.0.1.v201108020636.jar
7f34abcfb000-7f34abcff000 r--s 0002e000 08:01 664746                     /home/tema/.eclipse/org.eclipse.platform_3.5.0_155965261/plugins/org.eclipse.emf.common_2.5.0.v200906151043.jar
7f34abcff000-7f34abd0e000 r--s 000f3000 08:01 664750                     /home/tema/.eclipse/org.eclipse.platform_3.5.0_155965261/plugins/org.eclipse.emf.ecore_2.5.0.v200906151043.jar
7f34abd0e000-7f34abd39000 r--s 001bb000 08:01 665101                     /home/tema/.eclipse/org.eclipse.platform_3.5.0_155965261/plugins/org.eclipse.xtext_2.0.1.v201108020636.jar
7f34abd39000-7f34abd3a000 ---p 00000000 00:00 0 
7f34abd3a000-7f34abe3a000 rw-p 00000000 00:00 0 
7f34abe3a000-7f34abe3d000 ---p 00000000 00:00 0 
7f34abe3d000-7f34abf3b000 rw-p 00000000 00:00 0 
7f34abf3b000-7f34abf3e000 ---p 00000000 00:00 0 
7f34abf3e000-7f34ac03c000 rw-p 00000000 00:00 0 
7f34ac03c000-7f34ac03f000 ---p 00000000 00:00 0 
7f34ac03f000-7f34ac13d000 rw-p 00000000 00:00 0 
7f34ac13d000-7f34ac140000 ---p 00000000 00:00 0 
7f34ac140000-7f34ac23e000 rw-p 00000000 00:00 0 
7f34ac23e000-7f34ac9e8000 r--p 00000000 08:01 531199                     /usr/lib/locale/locale-archive
7f34ac9e8000-7f34ac9eb000 ---p 00000000 00:00 0 
7f34ac9eb000-7f34acae9000 rw-p 00000000 00:00 0 
7f34acae9000-7f34acaec000 ---p 00000000 00:00 0 
7f34acaec000-7f34acbea000 rw-p 00000000 00:00 0 
7f34acbea000-7f34acbeb000 ---p 00000000 00:00 0 
7f34acbeb000-7f34acd5b000 rw-p 00000000 00:00 0 
7f34acd5b000-7f34acf1a000 r--s 039fa000 08:01 664557                     /home/tema/Загрузки/jdk1.7.0/jre/lib/rt.jar
7f34acf1a000-7f34acf4d000 rw-p 00000000 00:00 0 
7f34acf4d000-7f34acfeb000 rw-p 00000000 00:00 0 
7f34acfeb000-7f34acff1000 rw-p 00000000 00:00 0 
7f34acff1000-7f34ad03f000 rw-p 00000000 00:00 0 
7f34ad03f000-7f34ad04a000 rw-p 00000000 00:00 0 
7f34ad04a000-7f34ad0e7000 rw-p 00000000 00:00 0 
7f34ad0e7000-7f34ad0f2000 rw-p 00000000 00:00 0 
7f34ad0f2000-7f34ad110000 rw-p 00000000 00:00 0 
7f34ad110000-7f34ad111000 rw-p 00000000 00:00 0 
7f34ad111000-7f34ad381000 rwxp 00000000 00:00 0 
7f34ad381000-7f34b0111000 rw-p 00000000 00:00 0 
7f34b0111000-7f34b012b000 r-xp 00000000 08:01 664576                     /home/tema/Загрузки/jdk1.7.0/jre/lib/amd64/libzip.so
7f34b012b000-7f34b032b000 ---p 0001a000 08:01 664576                     /home/tema/Загрузки/jdk1.7.0/jre/lib/amd64/libzip.so
7f34b032b000-7f34b032c000 rw-p 0001a000 08:01 664576                     /home/tema/Загрузки/jdk1.7.0/jre/lib/amd64/libzip.so
7f34b032c000-7f34b0338000 r-xp 00000000 08:01 1312117                    /lib/x86_64-linux-gnu/libnss_files-2.13.so
7f34b0338000-7f34b0537000 ---p 0000c000 08:01 1312117                    /lib/x86_64-linux-gnu/libnss_files-2.13.so
7f34b0537000-7f34b0538000 r--p 0000b000 08:01 1312117                    /lib/x86_64-linux-gnu/libnss_files-2.13.so
7f34b0538000-7f34b0539000 rw-p 0000c000 08:01 1312117                    /lib/x86_64-linux-gnu/libnss_files-2.13.so
7f34b0539000-7f34b0544000 r-xp 00000000 08:01 1312121                    /lib/x86_64-linux-gnu/libnss_nis-2.13.so
7f34b0544000-7f34b0743000 ---p 0000b000 08:01 1312121                    /lib/x86_64-linux-gnu/libnss_nis-2.13.so
7f34b0743000-7f34b0744000 r--p 0000a000 08:01 1312121                    /lib/x86_64-linux-gnu/libnss_nis-2.13.so
7f34b0744000-7f34b0745000 rw-p 0000b000 08:01 1312121                    /lib/x86_64-linux-gnu/libnss_nis-2.13.so
7f34b0745000-7f34b075c000 r-xp 00000000 08:01 1312111                    /lib/x86_64-linux-gnu/libnsl-2.13.so
7f34b075c000-7f34b095b000 ---p 00017000 08:01 1312111                    /lib/x86_64-linux-gnu/libnsl-2.13.so
7f34b095b000-7f34b095c000 r--p 00016000 08:01 1312111                    /lib/x86_64-linux-gnu/libnsl-2.13.so
7f34b095c000-7f34b095d000 rw-p 00017000 08:01 1312111                    /lib/x86_64-linux-gnu/libnsl-2.13.so
7f34b095d000-7f34b095f000 rw-p 00000000 00:00 0 
7f34b095f000-7f34b0967000 r-xp 00000000 08:01 1312113                    /lib/x86_64-linux-gnu/libnss_compat-2.13.so
7f34b0967000-7f34b0b66000 ---p 00008000 08:01 1312113                    /lib/x86_64-linux-gnu/libnss_compat-2.13.so
7f34b0b66000-7f34b0b67000 r--p 00007000 08:01 1312113                    /lib/x86_64-linux-gnu/libnss_compat-2.13.so
7f34b0b67000-7f34b0b68000 rw-p 00008000 08:01 1312113                    /lib/x86_64-linux-gnu/libnss_compat-2.13.so
7f34b0b68000-7f34b0b91000 r-xp 00000000 08:01 664595                     /home/tema/Загрузки/jdk1.7.0/jre/lib/amd64/libjava.so
7f34b0b91000-7f34b0d91000 ---p 00029000 08:01 664595                     /home/tema/Загрузки/jdk1.7.0/jre/lib/amd64/libjava.so
7f34b0d91000-7f34b0d93000 rw-p 00029000 08:01 664595                     /home/tema/Загрузки/jdk1.7.0/jre/lib/amd64/libjava.so
7f34b0d93000-7f34b0da2000 r-xp 00000000 08:01 664566                     /home/tema/Загрузки/jdk1.7.0/jre/lib/amd64/libverify.so
7f34b0da2000-7f34b0fa1000 ---p 0000f000 08:01 664566                     /home/tema/Загрузки/jdk1.7.0/jre/lib/amd64/libverify.so
7f34b0fa1000-7f34b0fa3000 rw-p 0000e000 08:01 664566                     /home/tema/Загрузки/jdk1.7.0/jre/lib/amd64/libverify.so
7f34b0fa3000-7f34b0faa000 r-xp 00000000 08:01 1312140                    /lib/x86_64-linux-gnu/librt-2.13.so
7f34b0faa000-7f34b11a9000 ---p 00007000 08:01 1312140                    /lib/x86_64-linux-gnu/librt-2.13.so
7f34b11a9000-7f34b11aa000 r--p 00006000 08:01 1312140                    /lib/x86_64-linux-gnu/librt-2.13.so
7f34b11aa000-7f34b11ab000 rw-p 00007000 08:01 1312140                    /lib/x86_64-linux-gnu/librt-2.13.so
7f34b11ab000-7f34b122f000 r-xp 00000000 08:01 1312108                    /lib/x86_64-linux-gnu/libm-2.13.so
7f34b122f000-7f34b142e000 ---p 00084000 08:01 1312108                    /lib/x86_64-linux-gnu/libm-2.13.so
7f34b142e000-7f34b142f000 r--p 00083000 08:01 1312108                    /lib/x86_64-linux-gnu/libm-2.13.so
7f34b142f000-7f34b1430000 rw-p 00084000 08:01 1312108                    /lib/x86_64-linux-gnu/libm-2.13.so
7f34b1430000-7f34b1e00000 r-xp 00000000 08:01 1061269                    /home/tema/Загрузки/jdk1.7.0/jre/lib/amd64/server/libjvm.so
7f34b1e00000-7f34b2000000 ---p 009d0000 08:01 1061269                    /home/tema/Загрузки/jdk1.7.0/jre/lib/amd64/server/libjvm.so
7f34b2000000-7f34b209b000 rw-p 009d0000 08:01 1061269                    /home/tema/Загрузки/jdk1.7.0/jre/lib/amd64/server/libjvm.so
7f34b209b000-7f34b20d4000 rw-p 00000000 00:00 0 
7f34b20d4000-7f34b225e000 r-xp 00000000 08:01 1312071                    /lib/x86_64-linux-gnu/libc-2.13.so
7f34b225e000-7f34b245d000 ---p 0018a000 08:01 1312071                    /lib/x86_64-linux-gnu/libc-2.13.so
7f34b245d000-7f34b2461000 r--p 00189000 08:01 1312071                    /lib/x86_64-linux-gnu/libc-2.13.so
7f34b2461000-7f34b2462000 rw-p 0018d000 08:01 1312071                    /lib/x86_64-linux-gnu/libc-2.13.so
7f34b2462000-7f34b2468000 rw-p 00000000 00:00 0 
7f34b2468000-7f34b246a000 r-xp 00000000 08:01 1312081                    /lib/x86_64-linux-gnu/libdl-2.13.so
7f34b246a000-7f34b266a000 ---p 00002000 08:01 1312081                    /lib/x86_64-linux-gnu/libdl-2.13.so
7f34b266a000-7f34b266b000 r--p 00002000 08:01 1312081                    /lib/x86_64-linux-gnu/libdl-2.13.so
7f34b266b000-7f34b266c000 rw-p 00003000 08:01 1312081                    /lib/x86_64-linux-gnu/libdl-2.13.so
7f34b266c000-7f34b2682000 r-xp 00000000 08:01 799702                     /home/tema/Загрузки/jdk1.7.0/jre/lib/amd64/jli/libjli.so
7f34b2682000-7f34b2881000 ---p 00016000 08:01 799702                     /home/tema/Загрузки/jdk1.7.0/jre/lib/amd64/jli/libjli.so
7f34b2881000-7f34b2882000 rw-p 00015000 08:01 799702                     /home/tema/Загрузки/jdk1.7.0/jre/lib/amd64/jli/libjli.so
7f34b2882000-7f34b289a000 r-xp 00000000 08:01 1312136                    /lib/x86_64-linux-gnu/libpthread-2.13.so
7f34b289a000-7f34b2a9a000 ---p 00018000 08:01 1312136                    /lib/x86_64-linux-gnu/libpthread-2.13.so
7f34b2a9a000-7f34b2a9b000 r--p 00018000 08:01 1312136                    /lib/x86_64-linux-gnu/libpthread-2.13.so
7f34b2a9b000-7f34b2a9c000 rw-p 00019000 08:01 1312136                    /lib/x86_64-linux-gnu/libpthread-2.13.so
7f34b2a9c000-7f34b2aa0000 rw-p 00000000 00:00 0 
7f34b2aa0000-7f34b2ac1000 r-xp 00000000 08:01 1312058                    /lib/x86_64-linux-gnu/ld-2.13.so
7f34b2ac1000-7f34b2acc000 rw-p 00000000 00:00 0 
7f34b2acc000-7f34b2aeb000 rw-p 00000000 00:00 0 
7f34b2aeb000-7f34b2af5000 rw-p 00000000 00:00 0 
7f34b2af5000-7f34b2bab000 rw-p 00000000 00:00 0 
7f34b2bab000-7f34b2bae000 ---p 00000000 00:00 0 
7f34b2bae000-7f34b2cb0000 rw-p 00000000 00:00 0 
7f34b2cb0000-7f34b2cb4000 r--s 00032000 08:01 664754                     /home/tema/.eclipse/org.eclipse.platform_3.5.0_155965261/plugins/org.eclipse.emf.ecore.xmi_2.5.0.v200906151043.jar
7f34b2cb4000-7f34b2cbc000 rw-s 00000000 08:01 1187531                    /tmp/hsperfdata_tema/13350
7f34b2cbc000-7f34b2cbd000 rw-p 00000000 00:00 0 
7f34b2cbd000-7f34b2cbe000 r--p 00000000 00:00 0 
7f34b2cbe000-7f34b2cc0000 rw-p 00000000 00:00 0 
7f34b2cc0000-7f34b2cc1000 r--p 00020000 08:01 1312058                    /lib/x86_64-linux-gnu/ld-2.13.so
7f34b2cc1000-7f34b2cc3000 rw-p 00021000 08:01 1312058                    /lib/x86_64-linux-gnu/ld-2.13.so
7fffb81b7000-7fffb81d9000 rw-p 00000000 00:00 0                          [stack]
7fffb81ff000-7fffb8200000 r-xp 00000000 00:00 0                          [vdso]
ffffffffff600000-ffffffffff601000 r-xp 00000000 00:00 0                  [vsyscall]

VM Arguments:
jvm_args: -Dfile.encoding=UTF-8 
java_command: org.eclipse.emf.mwe2.launch.runtime.Mwe2Launcher src/org/eclipse/iee/translator/jmole/math/GenerateMath.mwe2
Launcher Type: SUN_STANDARD

Environment Variables:
PATH=/usr/local/sbin:/usr/local/bin:/usr/sbin:/usr/bin:/sbin:/bin:/usr/games
USERNAME=tema
LD_LIBRARY_PATH=/home/tema/Загрузки/jdk1.7.0/jre/lib/amd64/server:/home/tema/Загрузки/jdk1.7.0/jre/lib/amd64:/home/tema/Загрузки/jdk1.7.0/jre/../lib/amd64:/usr/lib/jvm/java-6-openjdk/jre/lib/amd64/server:/usr/lib/jvm/java-6-openjdk/jre/lib/amd64:/usr/lib/jvm/java-6-openjdk/jre/../lib/amd64:/usr/lib/xulrunner-1.9.2.17
SHELL=/bin/bash
DISPLAY=:0.0

Signal Handlers:
SIGSEGV: [libjvm.so+0x84be70], sa_mask[0]=0x7ffbfeff, sa_flags=0x10000004
SIGBUS: [libjvm.so+0x84be70], sa_mask[0]=0x7ffbfeff, sa_flags=0x10000004
SIGFPE: [libjvm.so+0x6f3820], sa_mask[0]=0x7ffbfeff, sa_flags=0x10000004
SIGPIPE: [libjvm.so+0x6f3820], sa_mask[0]=0x7ffbfeff, sa_flags=0x10000004
SIGXFSZ: [libjvm.so+0x6f3820], sa_mask[0]=0x7ffbfeff, sa_flags=0x10000004
SIGILL: [libjvm.so+0x6f3820], sa_mask[0]=0x7ffbfeff, sa_flags=0x10000004
SIGUSR1: SIG_DFL, sa_mask[0]=0x00000000, sa_flags=0x00000000
SIGUSR2: [libjvm.so+0x6f3190], sa_mask[0]=0x00000004, sa_flags=0x10000004
SIGHUP: [libjvm.so+0x6f5650], sa_mask[0]=0x7ffbfeff, sa_flags=0x10000004
SIGINT: [libjvm.so+0x6f5650], sa_mask[0]=0x7ffbfeff, sa_flags=0x10000004
SIGTERM: [libjvm.so+0x6f5650], sa_mask[0]=0x7ffbfeff, sa_flags=0x10000004
SIGQUIT: [libjvm.so+0x6f5650], sa_mask[0]=0x7ffbfeff, sa_flags=0x10000004


---------------  S Y S T E M  ---------------

OS:squeeze/sid

uname:Linux 2.6.38-8-generic #42-Ubuntu SMP Mon Apr 11 03:31:24 UTC 2011 x86_64
libc:glibc 2.13 NPTL 2.13 
rlimit: STACK 8192k, CORE 0k, NPROC infinity, NOFILE 4096, AS infinity
load average:0,18 0,22 0,13

/proc/meminfo:
MemTotal:        2056988 kB
MemFree:          121192 kB
Buffers:          140320 kB
Cached:           266876 kB
SwapCached:          452 kB
Active:          1224904 kB
Inactive:         573724 kB
Active(anon):    1022776 kB
Inactive(anon):   373668 kB
Active(file):     202128 kB
Inactive(file):   200056 kB
Unevictable:           0 kB
Mlocked:               0 kB
SwapTotal:       2095100 kB
SwapFree:        2087620 kB
Dirty:                84 kB
Writeback:             0 kB
AnonPages:       1391032 kB
Mapped:            89508 kB
Shmem:              5012 kB
Slab:              61296 kB
SReclaimable:      46400 kB
SUnreclaim:        14896 kB
KernelStack:        2680 kB
PageTables:        22252 kB
NFS_Unstable:          0 kB
Bounce:                0 kB
WritebackTmp:          0 kB
CommitLimit:     3123592 kB
Committed_AS:    2149920 kB
VmallocTotal:   34359738367 kB
VmallocUsed:       37924 kB
VmallocChunk:   34359696188 kB
HardwareCorrupted:     0 kB
HugePages_Total:       0
HugePages_Free:        0
HugePages_Rsvd:        0
HugePages_Surp:        0
Hugepagesize:       2048 kB
DirectMap4k:       42944 kB
DirectMap2M:     2054144 kB


CPU:total 1 (1 cores per cpu, 1 threads per core) family 6 model 42 stepping 7, cmov, cx8, fxsr, mmx, sse, sse2, sse3, ssse3

/proc/cpuinfo:
processor	: 0
vendor_id	: GenuineIntel
cpu family	: 6
model		: 42
model name	: Intel(R) Core(TM) i5-2500 CPU @ 3.30GHz
stepping	: 7
cpu MHz		: 3186.591
cache size	: 6144 KB
fpu		: yes
fpu_exception	: yes
cpuid level	: 5
wp		: yes
flags		: fpu vme de pse tsc msr pae mce cx8 apic sep mtrr pge mca cmov pat pse36 clflush mmx fxsr sse sse2 syscall nx lm constant_tsc up rep_good nopl pni monitor ssse3 lahf_lm
bogomips	: 6373.18
clflush size	: 64
cache_alignment	: 64
address sizes	: 36 bits physical, 48 bits virtual
power management:



Memory: 4k page, physical 2056988k(121192k free), swap 2095100k(2087620k free)

vm_info: Java HotSpot(TM) 64-Bit Server VM (21.0-b17) for linux-amd64 JRE (1.7.0-b147), built on Jun 27 2011 01:30:59 by "java_re" with gcc 4.3.0 20080428 (Red Hat 4.3.0-8)

time: Mon Oct 17 11:59:47 2011
elapsed time: 0 seconds

