#
# A fatal error has been detected by the Java Runtime Environment:
#
#  SIGSEGV (0xb) at pc=0x00007f7673399e5d, pid=13326, tid=140146733496064
#
# JRE version: 7.0-b147
# Java VM: Java HotSpot(TM) 64-Bit Server VM (21.0-b17 mixed mode linux-amd64 compressed oops)
# Problematic frame:
# V  [libjvm.so+0x7d1e5d]  SymbolTable::lookup_only(char const*, int, unsigned int&)+0x7d
#
# Failed to write core dump. Core dumps have been disabled. To enable core dumping, try "ulimit -c unlimited" before starting Java again
#
# If you would like to submit a bug report, please visit:
#   http://bugreport.sun.com/bugreport/crash.jsp
#

---------------  T H R E A D  ---------------

Current thread (0x0000000001ea0000):  JavaThread "main" [_thread_in_vm, id=13327, stack(0x00007f7674343000,0x00007f7674444000)]

siginfo:si_signo=SIGSEGV: si_errno=0, si_code=1 (SEGV_MAPERR), si_addr=0x0000000000000080

Registers:
RAX=0x0000000000000080, RBX=0x0000000000000080, RCX=0x00007f76680a5ad6, RDX=0x00007f766e6c7590
RSP=0x00007f767443f560, RBP=0x00007f767443f590, RSI=0x0000000001ea9dc0, RDI=0x00007f767443f6e8
R8 =0x00007f76680a5ad6, R9 =0x000000000000001c, R10=0x0000000000000028, R11=0x0000000000000003
R12=0x00000000fbc94a63, R13=0x000000000000001c, R14=0x000000000000001c, R15=0x00007f76680a5aba
RIP=0x00007f7673399e5d, EFLAGS=0x0000000000010202, CSGSFS=0xe50b000000000033, ERR=0x0000000000000004
  TRAPNO=0x000000000000000e

Top of Stack: (sp=0x00007f767443f560)
0x00007f767443f560:   00007f767443fc70 00007f76680a5aba
0x00007f767443f570:   0000000000000175 000000000000001c
0x00007f767443f580:   0000000001ea0000 0000000002251dc8
0x00007f767443f590:   00007f767443f720 00007f7672f22c8d
0x00007f767443f5a0:   0000000001ea0000 00007f76732f9a36
0x00007f767443f5b0:   0000000000000204 00007f767443f6e0
0x00007f767443f5c0:   00007f767443f650 00007f767443f610
0x00007f767443f5d0:   00007f767443f6c0 00007f767443f6a0
0x00007f767443f5e0:   00007f767443f680 00007f767443f6e8
0x00007f767443f5f0:   000001fc7443f6b0 00007f767443fc70
0x00007f767443f600:   00007f767443fe50 000000017443f620
0x00007f767443f610:   00007f76680a5a9b 00007f76680a59fa
0x00007f767443f620:   00007f76680a5a0a 00007f76680a5a25
0x00007f767443f630:   00007f76680a5a35 00007f76680a5a4f
0x00007f767443f640:   00007f76680a5a6b 00007f76680a5a81
0x00007f767443f650:   00007f76680a38e0 00007f76680a7891
0x00007f767443f660:   00007f76680a5ad6 00007f767443ff80
0x00007f767443f670:   00007f767443f701 00000001730d4f8f
0x00007f767443f680:   3b2b2cba41bc9f23 8f87b85cbeaa4347
0x00007f767443f690:   ab83c4affba65c3e 8bcc7629b1a75e36
0x00007f767443f6a0:   0000016d00000174 0000016f0000016e
0x00007f767443f6b0:   0000017100000170 0000017300000172
0x00007f767443f6c0:   0000000d0000001c 0000000d00000018
0x00007f767443f6d0:   0000001900000017 0000001700000013
0x00007f767443f6e0:   0000000002251db0 00007f76fbc94a63
0x00007f767443f6f0:   00000000faee7b48 0000000002251d98
0x00007f767443f700:   00000000000001fc 00007f767443fe50
0x00007f767443f710:   0000000001ea0000 00007f767443fc70
0x00007f767443f720:   00007f767443f8d0 00007f7672f28ac0
0x00007f767443f730:   00000000faee7a68 0000000000000000
0x00007f767443f740:   00007f767443f768 00007f767443f7c0
0x00007f767443f750:   00007f767443f750 0000000000000000 

Instructions: (pc=0x00007f7673399e5d)
0x00007f7673399e3d:   48 c1 e2 03 48 03 56 08 48 8b 1a 48 85 db 75 10
0x00007f7673399e4d:   eb 39 90 48 8b 43 08 48 89 c3 48 83 e3 fe 74 2b
0x00007f7673399e5d:   44 39 23 75 ee 4c 8b 6b 10 44 89 f2 4c 89 fe 4c
0x00007f7673399e6d:   89 ef e8 0c e8 ff ff 84 c0 74 d8 4c 89 ef e8 90 

Register to memory mapping:

RAX=0x0000000000000080 is an unknown value
RBX=0x0000000000000080 is an unknown value
RCX=0x00007f76680a5ad6 is an unknown value
RDX=0x00007f766e6c7590 is an unknown value
RSP=0x00007f767443f560 is pointing into the stack for thread: 0x0000000001ea0000
RBP=0x00007f767443f590 is pointing into the stack for thread: 0x0000000001ea0000
RSI=0x0000000001ea9dc0 is an unknown value
RDI=0x00007f767443f6e8 is pointing into the stack for thread: 0x0000000001ea0000
R8 =0x00007f76680a5ad6 is an unknown value
R9 =0x000000000000001c is an unknown value
R10=0x0000000000000028 is an unknown value
R11=0x0000000000000003 is an unknown value
R12=0x00000000fbc94a63 is an unallocated location in the heap
R13=0x000000000000001c is an unknown value
R14=0x000000000000001c is an unknown value
R15=0x00007f76680a5aba is an unknown value


Stack: [0x00007f7674343000,0x00007f7674444000],  sp=0x00007f767443f560,  free space=1009k
Native frames: (J=compiled Java code, j=interpreted, Vv=VM code, C=native code)
V  [libjvm.so+0x7d1e5d]  SymbolTable::lookup_only(char const*, int, unsigned int&)+0x7d
V  [libjvm.so+0x35ac8d]  ClassFileParser::parse_constant_pool_entries(constantPoolHandle, int, Thread*)+0x92d
V  [libjvm.so+0x360ac0]  ClassFileParser::parse_constant_pool(Thread*)+0xf0
V  [libjvm.so+0x363209]  ClassFileParser::parseClassFile(Symbol*, Handle, Handle, KlassHandle, GrowableArray<Handle>*, TempNewSymbol&, bool, Thread*)+0x3a9
V  [libjvm.so+0x7da53c]  SystemDictionary::resolve_from_stream(Symbol*, Handle, Handle, ClassFileStream*, bool, Thread*)+0x13c
V  [libjvm.so+0x56dff5]  jvm_define_class_common(JNIEnv_*, char const*, _jobject*, signed char const*, int, _jobject*, char const*, unsigned char, Thread*)+0x2f5
V  [libjvm.so+0x56e352]  JVM_DefineClassWithSource+0xc2
C  [libjava.so+0xe12f]  Java_java_lang_ClassLoader_defineClass1+0x25f
j  java.lang.ClassLoader.defineClass1(Ljava/lang/String;[BIILjava/security/ProtectionDomain;Ljava/lang/String;)Ljava/lang/Class;+0
j  java.lang.ClassLoader.defineClass(Ljava/lang/String;[BIILjava/security/ProtectionDomain;)Ljava/lang/Class;+30
j  java.security.SecureClassLoader.defineClass(Ljava/lang/String;[BIILjava/security/CodeSource;)Ljava/lang/Class;+12
j  java.net.URLClassLoader.defineClass(Ljava/lang/String;Lsun/misc/Resource;)Ljava/lang/Class;+220
j  java.net.URLClassLoader.access$100(Ljava/net/URLClassLoader;Ljava/lang/String;Lsun/misc/Resource;)Ljava/lang/Class;+3
j  java.net.URLClassLoader$1.run()Ljava/lang/Class;+43
j  java.net.URLClassLoader$1.run()Ljava/lang/Object;+1
v  ~StubRoutines::call_stub
V  [libjvm.so+0x515005]  JavaCalls::call_helper(JavaValue*, methodHandle*, JavaCallArguments*, Thread*)+0x345
V  [libjvm.so+0x513b38]  JavaCalls::call(JavaValue*, methodHandle, JavaCallArguments*, Thread*)+0x28
V  [libjvm.so+0x565088]  JVM_DoPrivileged+0x218
j  java.security.AccessController.doPrivileged(Ljava/security/PrivilegedExceptionAction;Ljava/security/AccessControlContext;)Ljava/lang/Object;+0
j  java.net.URLClassLoader.findClass(Ljava/lang/String;)Ljava/lang/Class;+13
j  java.lang.ClassLoader.loadClass(Ljava/lang/String;Z)Ljava/lang/Class;+70
j  sun.misc.Launcher$AppClassLoader.loadClass(Ljava/lang/String;Z)Ljava/lang/Class;+36
j  java.lang.ClassLoader.loadClass(Ljava/lang/String;)Ljava/lang/Class;+3
v  ~StubRoutines::call_stub
V  [libjvm.so+0x515005]  JavaCalls::call_helper(JavaValue*, methodHandle*, JavaCallArguments*, Thread*)+0x345
V  [libjvm.so+0x513b38]  JavaCalls::call(JavaValue*, methodHandle, JavaCallArguments*, Thread*)+0x28
V  [libjvm.so+0x513dcc]  JavaCalls::call_virtual(JavaValue*, KlassHandle, Symbol*, Symbol*, JavaCallArguments*, Thread*)+0x17c
V  [libjvm.so+0x513ea6]  JavaCalls::call_virtual(JavaValue*, Handle, KlassHandle, Symbol*, Symbol*, Handle, Thread*)+0x56
V  [libjvm.so+0x7dbaa9]  SystemDictionary::load_instance_class(Symbol*, Handle, Thread*)+0x459
V  [libjvm.so+0x7dc221]  SystemDictionary::resolve_instance_class_or_null(Symbol*, Handle, Handle, Thread*)+0x761
V  [libjvm.so+0x7dc7e4]  SystemDictionary::resolve_or_fail(Symbol*, Handle, Handle, bool, Thread*)+0x34
V  [libjvm.so+0x3e1bc0]  constantPoolOopDesc::klass_at_impl(constantPoolHandle, int, Thread*)+0x270
V  [libjvm.so+0x623cd1]  LinkResolver::resolve_field(FieldAccessInfo&, constantPoolHandle, int, Bytecodes::Code, bool, bool, Thread*)+0x51
V  [libjvm.so+0x62443b]  LinkResolver::resolve_field(FieldAccessInfo&, constantPoolHandle, int, Bytecodes::Code, bool, Thread*)+0x1b
V  [libjvm.so+0x50eb61]  InterpreterRuntime::resolve_get_put(JavaThread*, Bytecodes::Code)+0x101
j  org.eclipse.emf.ecore.impl.EPackageImpl.<init>(Ljava/lang/String;Lorg/eclipse/emf/ecore/EFactory;)V+118
j  org.eclipse.xtext.impl.XtextPackageImpl.<init>()V+6
j  org.eclipse.xtext.impl.XtextPackageImpl.init()Lorg/eclipse/xtext/XtextPackage;+53
j  org.eclipse.xtext.XtextPackage.<clinit>()V+0
v  ~StubRoutines::call_stub
V  [libjvm.so+0x515005]  JavaCalls::call_helper(JavaValue*, methodHandle*, JavaCallArguments*, Thread*)+0x345
V  [libjvm.so+0x513b38]  JavaCalls::call(JavaValue*, methodHandle, JavaCallArguments*, Thread*)+0x28
V  [libjvm.so+0x4dccea]  instanceKlass::call_class_initializer(Thread*)+0xca
V  [libjvm.so+0x4dcf47]  instanceKlass::initialize_impl(instanceKlassHandle, Thread*)+0x237
V  [libjvm.so+0x4dd38a]  instanceKlass::initialize(Thread*)+0x6a
V  [libjvm.so+0x62433c]  LinkResolver::resolve_field(FieldAccessInfo&, constantPoolHandle, int, Bytecodes::Code, bool, bool, Thread*)+0x6bc
V  [libjvm.so+0x62443b]  LinkResolver::resolve_field(FieldAccessInfo&, constantPoolHandle, int, Bytecodes::Code, bool, Thread*)+0x1b
V  [libjvm.so+0x50eb61]  InterpreterRuntime::resolve_get_put(JavaThread*, Bytecodes::Code)+0x101
j  org.eclipse.emf.mwe2.language.Mwe2StandaloneSetupGenerated.createInjectorAndDoEMFRegistration()Lcom/google/inject/Injector;+100
j  org.eclipse.emf.mwe2.launch.runtime.Mwe2Launcher.run([Ljava/lang/String;)V+282
j  org.eclipse.emf.mwe2.launch.runtime.Mwe2Launcher.main([Ljava/lang/String;)V+8
v  ~StubRoutines::call_stub
V  [libjvm.so+0x515005]  JavaCalls::call_helper(JavaValue*, methodHandle*, JavaCallArguments*, Thread*)+0x345
V  [libjvm.so+0x513b38]  JavaCalls::call(JavaValue*, methodHandle, JavaCallArguments*, Thread*)+0x28
V  [libjvm.so+0x5207ba]  jni_invoke_static(JNIEnv_*, JavaValue*, _jobject*, JNICallType, _jmethodID*, JNI_ArgumentPusher*, Thread*)+0x20a
V  [libjvm.so+0x52b552]  jni_CallStaticVoidMethod+0x162
C  [libjli.so+0x39c3]  JavaMain+0x8a3

Java frames: (J=compiled Java code, j=interpreted, Vv=VM code)
j  java.lang.ClassLoader.defineClass1(Ljava/lang/String;[BIILjava/security/ProtectionDomain;Ljava/lang/String;)Ljava/lang/Class;+0
j  java.lang.ClassLoader.defineClass(Ljava/lang/String;[BIILjava/security/ProtectionDomain;)Ljava/lang/Class;+30
j  java.security.SecureClassLoader.defineClass(Ljava/lang/String;[BIILjava/security/CodeSource;)Ljava/lang/Class;+12
j  java.net.URLClassLoader.defineClass(Ljava/lang/String;Lsun/misc/Resource;)Ljava/lang/Class;+220
j  java.net.URLClassLoader.access$100(Ljava/net/URLClassLoader;Ljava/lang/String;Lsun/misc/Resource;)Ljava/lang/Class;+3
j  java.net.URLClassLoader$1.run()Ljava/lang/Class;+43
j  java.net.URLClassLoader$1.run()Ljava/lang/Object;+1
v  ~StubRoutines::call_stub
j  java.security.AccessController.doPrivileged(Ljava/security/PrivilegedExceptionAction;Ljava/security/AccessControlContext;)Ljava/lang/Object;+0
j  java.net.URLClassLoader.findClass(Ljava/lang/String;)Ljava/lang/Class;+13
j  java.lang.ClassLoader.loadClass(Ljava/lang/String;Z)Ljava/lang/Class;+70
j  sun.misc.Launcher$AppClassLoader.loadClass(Ljava/lang/String;Z)Ljava/lang/Class;+36
j  java.lang.ClassLoader.loadClass(Ljava/lang/String;)Ljava/lang/Class;+3
v  ~StubRoutines::call_stub
j  org.eclipse.emf.ecore.impl.EPackageImpl.<init>(Ljava/lang/String;Lorg/eclipse/emf/ecore/EFactory;)V+118
j  org.eclipse.xtext.impl.XtextPackageImpl.<init>()V+6
j  org.eclipse.xtext.impl.XtextPackageImpl.init()Lorg/eclipse/xtext/XtextPackage;+53
j  org.eclipse.xtext.XtextPackage.<clinit>()V+0
v  ~StubRoutines::call_stub
j  org.eclipse.emf.mwe2.language.Mwe2StandaloneSetupGenerated.createInjectorAndDoEMFRegistration()Lcom/google/inject/Injector;+100
j  org.eclipse.emf.mwe2.launch.runtime.Mwe2Launcher.run([Ljava/lang/String;)V+282
j  org.eclipse.emf.mwe2.launch.runtime.Mwe2Launcher.main([Ljava/lang/String;)V+8
v  ~StubRoutines::call_stub

---------------  P R O C E S S  ---------------

Java Threads: ( => current thread )
  0x0000000001f84800 JavaThread "Service Thread" daemon [_thread_blocked, id=13338, stack(0x00007f766d5d2000,0x00007f766d6d3000)]
  0x0000000001f79000 JavaThread "C2 CompilerThread1" daemon [_thread_blocked, id=13337, stack(0x00007f766d6d3000,0x00007f766d7d4000)]
  0x0000000001f76800 JavaThread "C2 CompilerThread0" daemon [_thread_blocked, id=13336, stack(0x00007f766d7d4000,0x00007f766d8d5000)]
  0x0000000001f74800 JavaThread "Signal Dispatcher" daemon [_thread_blocked, id=13335, stack(0x00007f766d8d5000,0x00007f766d9d6000)]
  0x0000000001f25000 JavaThread "Finalizer" daemon [_thread_blocked, id=13334, stack(0x00007f766e180000,0x00007f766e281000)]
  0x0000000001f22800 JavaThread "Reference Handler" daemon [_thread_blocked, id=13333, stack(0x00007f766e281000,0x00007f766e382000)]
=>0x0000000001ea0000 JavaThread "main" [_thread_in_vm, id=13327, stack(0x00007f7674343000,0x00007f7674444000)]

Other Threads:
  0x0000000001f1b000 VMThread [stack: 0x00007f766e382000,0x00007f766e483000] [id=13332]
  0x0000000001f8f800 WatcherThread [stack: 0x00007f766d4d1000,0x00007f766d5d2000] [id=13339]

VM state:not at safepoint (normal execution)

VM Mutex/Monitor currently owned by a thread: None

Heap
 def new generation   total 9664K, used 5126K [0x00000000db600000, 0x00000000dc070000, 0x00000000e5e00000)
  eden space 8640K,  47% used [0x00000000db600000, 0x00000000dba01838, 0x00000000dbe70000)
  from space 1024K, 100% used [0x00000000dbe70000, 0x00000000dbf70000, 0x00000000dbf70000)
  to   space 1024K,   0% used [0x00000000dbf70000, 0x00000000dbf70000, 0x00000000dc070000)
 tenured generation   total 21504K, used 4276K [0x00000000e5e00000, 0x00000000e7300000, 0x00000000fae00000)
   the space 21504K,  19% used [0x00000000e5e00000, 0x00000000e622d038, 0x00000000e622d200, 0x00000000e7300000)
 compacting perm gen  total 21248K, used 6488K [0x00000000fae00000, 0x00000000fc2c0000, 0x0000000100000000)
   the space 21248K,  30% used [0x00000000fae00000, 0x00000000fb456348, 0x00000000fb456400, 0x00000000fc2c0000)
No shared spaces configured.

Code Cache  [0x00007f766e8a9000, 0x00007f766eb19000, 0x00007f76718a9000)
 total_blobs=347 nmethods=89 adapters=210 free_code_cache=48513Kb largest_free_block=49665280

Dynamic libraries:
00400000-00401000 r-xp 00000000 08:01 799502                             /home/tema/Загрузки/jdk1.7.0/bin/java
00600000-00601000 rw-p 00000000 08:01 799502                             /home/tema/Загрузки/jdk1.7.0/bin/java
01e95000-028d0000 rw-p 00000000 00:00 0                                  [heap]
db600000-dc070000 rw-p 00000000 00:00 0 
dc070000-e5e00000 rw-p 00000000 00:00 0 
e5e00000-e7300000 rw-p 00000000 00:00 0 
e7300000-fae00000 rw-p 00000000 00:00 0 
fae00000-fc2c0000 rw-p 00000000 00:00 0 
fc2c0000-100000000 rw-p 00000000 00:00 0 
7f7668000000-7f76680e8000 rw-p 00000000 00:00 0 
7f76680e8000-7f766c000000 ---p 00000000 00:00 0 
7f766cfbc000-7f766cfd1000 r-xp 00000000 08:01 664565                     /home/tema/Загрузки/jdk1.7.0/jre/lib/amd64/libnet.so
7f766cfd1000-7f766d1d1000 ---p 00015000 08:01 664565                     /home/tema/Загрузки/jdk1.7.0/jre/lib/amd64/libnet.so
7f766d1d1000-7f766d1d2000 rw-p 00015000 08:01 664565                     /home/tema/Загрузки/jdk1.7.0/jre/lib/amd64/libnet.so
7f766d1d2000-7f766d1e2000 r-xp 00000000 08:01 664578                     /home/tema/Загрузки/jdk1.7.0/jre/lib/amd64/libnio.so
7f766d1e2000-7f766d3e2000 ---p 00010000 08:01 664578                     /home/tema/Загрузки/jdk1.7.0/jre/lib/amd64/libnio.so
7f766d3e2000-7f766d3e3000 rw-p 00010000 08:01 664578                     /home/tema/Загрузки/jdk1.7.0/jre/lib/amd64/libnio.so
7f766d3e3000-7f766d3e9000 r--s 00040000 08:01 665106                     /home/tema/.eclipse/org.eclipse.platform_3.5.0_155965261/plugins/org.eclipse.xtext.common.types_2.0.1.v201108020636.jar
7f766d3e9000-7f766d3ee000 r--s 0002d000 08:01 665228                     /home/tema/.eclipse/org.eclipse.platform_3.5.0_155965261/plugins/org.eclipse.emf.mwe2.language_2.0.1.v201108020809.jar
7f766d3ee000-7f766d3f2000 r--s 00088000 08:01 664551                     /home/tema/Загрузки/jdk1.7.0/jre/lib/jsse.jar
7f766d3f2000-7f766d3f4000 r--s 00005000 08:01 665229                     /home/tema/.eclipse/org.eclipse.platform_3.5.0_155965261/plugins/org.eclipse.emf.mwe2.launch_2.0.1.v201108020809.jar
7f766d3f4000-7f766d3f5000 r--s 00003000 08:01 665198                     /home/tema/.eclipse/org.eclipse.platform_3.5.0_155965261/plugins/org.eclipse.xtext.xtend2.lib_2.0.1.v201108020636.jar
7f766d3f5000-7f766d3f7000 r--s 00009000 08:01 665192                     /home/tema/.eclipse/org.eclipse.platform_3.5.0_155965261/plugins/org.eclipse.xtext.xbase.lib_2.0.1.v201108020636.jar
7f766d3f7000-7f766d3f8000 r--s 00006000 08:01 665226                     /home/tema/.eclipse/org.eclipse.platform_3.5.0_155965261/plugins/org.eclipse.emf.mwe2.lib_2.0.1.v201108020506.jar
7f766d3f8000-7f766d407000 r--s 0015a000 08:01 665087                     /home/tema/.eclipse/org.eclipse.platform_3.5.0_155965261/plugins/org.antlr.generator_3.2.0.v201108011202.jar
7f766d407000-7f766d409000 r--s 00000000 08:01 665086                     /home/tema/.eclipse/org.eclipse.platform_3.5.0_155965261/plugins/de.itemis.xtext.antlr_2.0.0.v201108011202.jar
7f766d409000-7f766d40e000 r--s 00041000 08:01 664744                     /home/tema/.eclipse/org.eclipse.platform_3.5.0_155965261/plugins/org.eclipse.emf.codegen_2.5.0.v200906151043.jar
7f766d40e000-7f766d416000 r--s 000db000 08:01 664747                     /home/tema/.eclipse/org.eclipse.platform_3.5.0_155965261/plugins/org.eclipse.emf.codegen.ecore_2.5.0.v200906151043.jar
7f766d416000-7f766d418000 r--s 0000e000 08:01 665238                     /home/tema/.eclipse/org.eclipse.platform_3.5.0_155965261/plugins/org.eclipse.xtend.typesystem.emf_1.0.1.v201108020519.jar
7f766d418000-7f766d41d000 r--s 00036000 08:01 665231                     /home/tema/.eclipse/org.eclipse.platform_3.5.0_155965261/plugins/org.eclipse.xpand_1.1.0.v201108020519.jar
7f766d41d000-7f766d43b000 r--s 00549000 08:01 803732                     /usr/share/java/com.ibm.icu-4.0.1.1.jar
7f766d43b000-7f766d447000 r--s 00075000 08:01 665234                     /home/tema/.eclipse/org.eclipse.platform_3.5.0_155965261/plugins/org.eclipse.xtend_1.1.0.v201108020519.jar
7f766d447000-7f766d45b000 r--s 000ba000 08:01 665117                     /home/tema/.eclipse/org.eclipse.platform_3.5.0_155965261/plugins/org.eclipse.xtext.generator_2.0.1.v201108020636.jar
7f766d45b000-7f766d45d000 r--s 00014000 08:01 803829                     /usr/share/java/servlet-api-2.5.jar
7f766d45d000-7f766d45f000 r--s 0000c000 08:01 803818                     /usr/share/java/commons-logging-1.1.1.jar
7f766d45f000-7f766d467000 r--s 0005e000 08:01 665099                     /home/tema/.eclipse/org.eclipse.platform_3.5.0_155965261/plugins/org.apache.log4j_1.2.15.v201012070815.jar
7f766d467000-7f766d468000 r--s 00007000 08:01 665225                     /home/tema/.eclipse/org.eclipse.platform_3.5.0_155965261/plugins/org.eclipse.emf.mwe.utils_1.1.1.v201108020506.jar
7f766d468000-7f766d469000 r--s 00002000 08:01 665227                     /home/tema/.eclipse/org.eclipse.platform_3.5.0_155965261/plugins/org.eclipse.emf.mwe2.runtime_2.0.1.v201108020506.jar
7f766d469000-7f766d46a000 r--s 0000b000 08:01 665219                     /home/tema/.eclipse/org.eclipse.platform_3.5.0_155965261/plugins/org.apache.commons.cli_1.2.0.v201105210650.jar
7f766d46a000-7f766d470000 r--s 00028000 08:01 665220                     /home/tema/.eclipse/org.eclipse.platform_3.5.0_155965261/plugins/org.eclipse.emf.mwe.core_1.1.1.v201108020506.jar
7f766d470000-7f766d474000 r--s 0002f000 08:01 665092                     /home/tema/.eclipse/org.eclipse.platform_3.5.0_155965261/plugins/org.antlr.runtime_3.2.0.v201101311130.jar
7f766d474000-7f766d483000 r--s 000a8000 08:01 665090                     /home/tema/.eclipse/org.eclipse.platform_3.5.0_155965261/plugins/com.google.inject_2.0.0.v201105231817.jar
7f766d483000-7f766d48f000 r--s 0008b000 08:01 665088                     /home/tema/.eclipse/org.eclipse.platform_3.5.0_155965261/plugins/com.google.collect_1.0.0.v201105210816.jar
7f766d48f000-7f766d493000 r--s 0001e000 08:01 665187                     /home/tema/.eclipse/org.eclipse.platform_3.5.0_155965261/plugins/org.eclipse.xtext.util_2.0.1.v201108020636.jar
7f766d493000-7f766d497000 r--s 0002e000 08:01 664746                     /home/tema/.eclipse/org.eclipse.platform_3.5.0_155965261/plugins/org.eclipse.emf.common_2.5.0.v200906151043.jar
7f766d497000-7f766d4a6000 r--s 000f3000 08:01 664750                     /home/tema/.eclipse/org.eclipse.platform_3.5.0_155965261/plugins/org.eclipse.emf.ecore_2.5.0.v200906151043.jar
7f766d4a6000-7f766d4d1000 r--s 001bb000 08:01 665101                     /home/tema/.eclipse/org.eclipse.platform_3.5.0_155965261/plugins/org.eclipse.xtext_2.0.1.v201108020636.jar
7f766d4d1000-7f766d4d2000 ---p 00000000 00:00 0 
7f766d4d2000-7f766d5d2000 rw-p 00000000 00:00 0 
7f766d5d2000-7f766d5d5000 ---p 00000000 00:00 0 
7f766d5d5000-7f766d6d3000 rw-p 00000000 00:00 0 
7f766d6d3000-7f766d6d6000 ---p 00000000 00:00 0 
7f766d6d6000-7f766d7d4000 rw-p 00000000 00:00 0 
7f766d7d4000-7f766d7d7000 ---p 00000000 00:00 0 
7f766d7d7000-7f766d8d5000 rw-p 00000000 00:00 0 
7f766d8d5000-7f766d8d8000 ---p 00000000 00:00 0 
7f766d8d8000-7f766d9d6000 rw-p 00000000 00:00 0 
7f766d9d6000-7f766e180000 r--p 00000000 08:01 531199                     /usr/lib/locale/locale-archive
7f766e180000-7f766e183000 ---p 00000000 00:00 0 
7f766e183000-7f766e281000 rw-p 00000000 00:00 0 
7f766e281000-7f766e284000 ---p 00000000 00:00 0 
7f766e284000-7f766e382000 rw-p 00000000 00:00 0 
7f766e382000-7f766e383000 ---p 00000000 00:00 0 
7f766e383000-7f766e4f3000 rw-p 00000000 00:00 0 
7f766e4f3000-7f766e6b2000 r--s 039fa000 08:01 664557                     /home/tema/Загрузки/jdk1.7.0/jre/lib/rt.jar
7f766e6b2000-7f766e6e5000 rw-p 00000000 00:00 0 
7f766e6e5000-7f766e783000 rw-p 00000000 00:00 0 
7f766e783000-7f766e789000 rw-p 00000000 00:00 0 
7f766e789000-7f766e7d7000 rw-p 00000000 00:00 0 
7f766e7d7000-7f766e7e2000 rw-p 00000000 00:00 0 
7f766e7e2000-7f766e87f000 rw-p 00000000 00:00 0 
7f766e87f000-7f766e88a000 rw-p 00000000 00:00 0 
7f766e88a000-7f766e8a8000 rw-p 00000000 00:00 0 
7f766e8a8000-7f766e8a9000 rw-p 00000000 00:00 0 
7f766e8a9000-7f766eb19000 rwxp 00000000 00:00 0 
7f766eb19000-7f76718a9000 rw-p 00000000 00:00 0 
7f76718a9000-7f76718c3000 r-xp 00000000 08:01 664576                     /home/tema/Загрузки/jdk1.7.0/jre/lib/amd64/libzip.so
7f76718c3000-7f7671ac3000 ---p 0001a000 08:01 664576                     /home/tema/Загрузки/jdk1.7.0/jre/lib/amd64/libzip.so
7f7671ac3000-7f7671ac4000 rw-p 0001a000 08:01 664576                     /home/tema/Загрузки/jdk1.7.0/jre/lib/amd64/libzip.so
7f7671ac4000-7f7671ad0000 r-xp 00000000 08:01 1312117                    /lib/x86_64-linux-gnu/libnss_files-2.13.so
7f7671ad0000-7f7671ccf000 ---p 0000c000 08:01 1312117                    /lib/x86_64-linux-gnu/libnss_files-2.13.so
7f7671ccf000-7f7671cd0000 r--p 0000b000 08:01 1312117                    /lib/x86_64-linux-gnu/libnss_files-2.13.so
7f7671cd0000-7f7671cd1000 rw-p 0000c000 08:01 1312117                    /lib/x86_64-linux-gnu/libnss_files-2.13.so
7f7671cd1000-7f7671cdc000 r-xp 00000000 08:01 1312121                    /lib/x86_64-linux-gnu/libnss_nis-2.13.so
7f7671cdc000-7f7671edb000 ---p 0000b000 08:01 1312121                    /lib/x86_64-linux-gnu/libnss_nis-2.13.so
7f7671edb000-7f7671edc000 r--p 0000a000 08:01 1312121                    /lib/x86_64-linux-gnu/libnss_nis-2.13.so
7f7671edc000-7f7671edd000 rw-p 0000b000 08:01 1312121                    /lib/x86_64-linux-gnu/libnss_nis-2.13.so
7f7671edd000-7f7671ef4000 r-xp 00000000 08:01 1312111                    /lib/x86_64-linux-gnu/libnsl-2.13.so
7f7671ef4000-7f76720f3000 ---p 00017000 08:01 1312111                    /lib/x86_64-linux-gnu/libnsl-2.13.so
7f76720f3000-7f76720f4000 r--p 00016000 08:01 1312111                    /lib/x86_64-linux-gnu/libnsl-2.13.so
7f76720f4000-7f76720f5000 rw-p 00017000 08:01 1312111                    /lib/x86_64-linux-gnu/libnsl-2.13.so
7f76720f5000-7f76720f7000 rw-p 00000000 00:00 0 
7f76720f7000-7f76720ff000 r-xp 00000000 08:01 1312113                    /lib/x86_64-linux-gnu/libnss_compat-2.13.so
7f76720ff000-7f76722fe000 ---p 00008000 08:01 1312113                    /lib/x86_64-linux-gnu/libnss_compat-2.13.so
7f76722fe000-7f76722ff000 r--p 00007000 08:01 1312113                    /lib/x86_64-linux-gnu/libnss_compat-2.13.so
7f76722ff000-7f7672300000 rw-p 00008000 08:01 1312113                    /lib/x86_64-linux-gnu/libnss_compat-2.13.so
7f7672300000-7f7672329000 r-xp 00000000 08:01 664595                     /home/tema/Загрузки/jdk1.7.0/jre/lib/amd64/libjava.so
7f7672329000-7f7672529000 ---p 00029000 08:01 664595                     /home/tema/Загрузки/jdk1.7.0/jre/lib/amd64/libjava.so
7f7672529000-7f767252b000 rw-p 00029000 08:01 664595                     /home/tema/Загрузки/jdk1.7.0/jre/lib/amd64/libjava.so
7f767252b000-7f767253a000 r-xp 00000000 08:01 664566                     /home/tema/Загрузки/jdk1.7.0/jre/lib/amd64/libverify.so
7f767253a000-7f7672739000 ---p 0000f000 08:01 664566                     /home/tema/Загрузки/jdk1.7.0/jre/lib/amd64/libverify.so
7f7672739000-7f767273b000 rw-p 0000e000 08:01 664566                     /home/tema/Загрузки/jdk1.7.0/jre/lib/amd64/libverify.so
7f767273b000-7f7672742000 r-xp 00000000 08:01 1312140                    /lib/x86_64-linux-gnu/librt-2.13.so
7f7672742000-7f7672941000 ---p 00007000 08:01 1312140                    /lib/x86_64-linux-gnu/librt-2.13.so
7f7672941000-7f7672942000 r--p 00006000 08:01 1312140                    /lib/x86_64-linux-gnu/librt-2.13.so
7f7672942000-7f7672943000 rw-p 00007000 08:01 1312140                    /lib/x86_64-linux-gnu/librt-2.13.so
7f7672943000-7f76729c7000 r-xp 00000000 08:01 1312108                    /lib/x86_64-linux-gnu/libm-2.13.so
7f76729c7000-7f7672bc6000 ---p 00084000 08:01 1312108                    /lib/x86_64-linux-gnu/libm-2.13.so
7f7672bc6000-7f7672bc7000 r--p 00083000 08:01 1312108                    /lib/x86_64-linux-gnu/libm-2.13.so
7f7672bc7000-7f7672bc8000 rw-p 00084000 08:01 1312108                    /lib/x86_64-linux-gnu/libm-2.13.so
7f7672bc8000-7f7673598000 r-xp 00000000 08:01 1061269                    /home/tema/Загрузки/jdk1.7.0/jre/lib/amd64/server/libjvm.so
7f7673598000-7f7673798000 ---p 009d0000 08:01 1061269                    /home/tema/Загрузки/jdk1.7.0/jre/lib/amd64/server/libjvm.so
7f7673798000-7f7673833000 rw-p 009d0000 08:01 1061269                    /home/tema/Загрузки/jdk1.7.0/jre/lib/amd64/server/libjvm.so
7f7673833000-7f767386c000 rw-p 00000000 00:00 0 
7f767386c000-7f76739f6000 r-xp 00000000 08:01 1312071                    /lib/x86_64-linux-gnu/libc-2.13.so
7f76739f6000-7f7673bf5000 ---p 0018a000 08:01 1312071                    /lib/x86_64-linux-gnu/libc-2.13.so
7f7673bf5000-7f7673bf9000 r--p 00189000 08:01 1312071                    /lib/x86_64-linux-gnu/libc-2.13.so
7f7673bf9000-7f7673bfa000 rw-p 0018d000 08:01 1312071                    /lib/x86_64-linux-gnu/libc-2.13.so
7f7673bfa000-7f7673c00000 rw-p 00000000 00:00 0 
7f7673c00000-7f7673c02000 r-xp 00000000 08:01 1312081                    /lib/x86_64-linux-gnu/libdl-2.13.so
7f7673c02000-7f7673e02000 ---p 00002000 08:01 1312081                    /lib/x86_64-linux-gnu/libdl-2.13.so
7f7673e02000-7f7673e03000 r--p 00002000 08:01 1312081                    /lib/x86_64-linux-gnu/libdl-2.13.so
7f7673e03000-7f7673e04000 rw-p 00003000 08:01 1312081                    /lib/x86_64-linux-gnu/libdl-2.13.so
7f7673e04000-7f7673e1a000 r-xp 00000000 08:01 799702                     /home/tema/Загрузки/jdk1.7.0/jre/lib/amd64/jli/libjli.so
7f7673e1a000-7f7674019000 ---p 00016000 08:01 799702                     /home/tema/Загрузки/jdk1.7.0/jre/lib/amd64/jli/libjli.so
7f7674019000-7f767401a000 rw-p 00015000 08:01 799702                     /home/tema/Загрузки/jdk1.7.0/jre/lib/amd64/jli/libjli.so
7f767401a000-7f7674032000 r-xp 00000000 08:01 1312136                    /lib/x86_64-linux-gnu/libpthread-2.13.so
7f7674032000-7f7674232000 ---p 00018000 08:01 1312136                    /lib/x86_64-linux-gnu/libpthread-2.13.so
7f7674232000-7f7674233000 r--p 00018000 08:01 1312136                    /lib/x86_64-linux-gnu/libpthread-2.13.so
7f7674233000-7f7674234000 rw-p 00019000 08:01 1312136                    /lib/x86_64-linux-gnu/libpthread-2.13.so
7f7674234000-7f7674238000 rw-p 00000000 00:00 0 
7f7674238000-7f7674259000 r-xp 00000000 08:01 1312058                    /lib/x86_64-linux-gnu/ld-2.13.so
7f7674259000-7f7674264000 rw-p 00000000 00:00 0 
7f7674264000-7f7674283000 rw-p 00000000 00:00 0 
7f7674283000-7f767428d000 rw-p 00000000 00:00 0 
7f767428d000-7f7674343000 rw-p 00000000 00:00 0 
7f7674343000-7f7674346000 ---p 00000000 00:00 0 
7f7674346000-7f7674448000 rw-p 00000000 00:00 0 
7f7674448000-7f767444c000 r--s 00032000 08:01 664754                     /home/tema/.eclipse/org.eclipse.platform_3.5.0_155965261/plugins/org.eclipse.emf.ecore.xmi_2.5.0.v200906151043.jar
7f767444c000-7f7674454000 rw-s 00000000 08:01 1187531                    /tmp/hsperfdata_tema/13326
7f7674454000-7f7674455000 rw-p 00000000 00:00 0 
7f7674455000-7f7674456000 r--p 00000000 00:00 0 
7f7674456000-7f7674458000 rw-p 00000000 00:00 0 
7f7674458000-7f7674459000 r--p 00020000 08:01 1312058                    /lib/x86_64-linux-gnu/ld-2.13.so
7f7674459000-7f767445b000 rw-p 00021000 08:01 1312058                    /lib/x86_64-linux-gnu/ld-2.13.so
7fff155ab000-7fff155cd000 rw-p 00000000 00:00 0                          [stack]
7fff155ff000-7fff15600000 r-xp 00000000 00:00 0                          [vdso]
ffffffffff600000-ffffffffff601000 r-xp 00000000 00:00 0                  [vsyscall]

VM Arguments:
jvm_args: -Dfile.encoding=UTF-8 
java_command: org.eclipse.emf.mwe2.launch.runtime.Mwe2Launcher src/org/eclipse/iee/translator/jmole/math/GenerateMath.mwe2
Launcher Type: SUN_STANDARD

Environment Variables:
PATH=/usr/local/sbin:/usr/local/bin:/usr/sbin:/usr/bin:/sbin:/bin:/usr/games
USERNAME=tema
LD_LIBRARY_PATH=/home/tema/Загрузки/jdk1.7.0/jre/lib/amd64/server:/home/tema/Загрузки/jdk1.7.0/jre/lib/amd64:/home/tema/Загрузки/jdk1.7.0/jre/../lib/amd64:/usr/lib/jvm/java-6-openjdk/jre/lib/amd64/server:/usr/lib/jvm/java-6-openjdk/jre/lib/amd64:/usr/lib/jvm/java-6-openjdk/jre/../lib/amd64:/usr/lib/xulrunner-1.9.2.17
SHELL=/bin/bash
DISPLAY=:0.0

Signal Handlers:
SIGSEGV: [libjvm.so+0x84be70], sa_mask[0]=0x7ffbfeff, sa_flags=0x10000004
SIGBUS: [libjvm.so+0x84be70], sa_mask[0]=0x7ffbfeff, sa_flags=0x10000004
SIGFPE: [libjvm.so+0x6f3820], sa_mask[0]=0x7ffbfeff, sa_flags=0x10000004
SIGPIPE: [libjvm.so+0x6f3820], sa_mask[0]=0x7ffbfeff, sa_flags=0x10000004
SIGXFSZ: [libjvm.so+0x6f3820], sa_mask[0]=0x7ffbfeff, sa_flags=0x10000004
SIGILL: [libjvm.so+0x6f3820], sa_mask[0]=0x7ffbfeff, sa_flags=0x10000004
SIGUSR1: SIG_DFL, sa_mask[0]=0x00000000, sa_flags=0x00000000
SIGUSR2: [libjvm.so+0x6f3190], sa_mask[0]=0x00000004, sa_flags=0x10000004
SIGHUP: [libjvm.so+0x6f5650], sa_mask[0]=0x7ffbfeff, sa_flags=0x10000004
SIGINT: [libjvm.so+0x6f5650], sa_mask[0]=0x7ffbfeff, sa_flags=0x10000004
SIGTERM: [libjvm.so+0x6f5650], sa_mask[0]=0x7ffbfeff, sa_flags=0x10000004
SIGQUIT: [libjvm.so+0x6f5650], sa_mask[0]=0x7ffbfeff, sa_flags=0x10000004


---------------  S Y S T E M  ---------------

OS:squeeze/sid

uname:Linux 2.6.38-8-generic #42-Ubuntu SMP Mon Apr 11 03:31:24 UTC 2011 x86_64
libc:glibc 2.13 NPTL 2.13 
rlimit: STACK 8192k, CORE 0k, NPROC infinity, NOFILE 4096, AS infinity
load average:0,46 0,26 0,14

/proc/meminfo:
MemTotal:        2056988 kB
MemFree:           98996 kB
Buffers:          140296 kB
Cached:           266840 kB
SwapCached:          452 kB
Active:          1246408 kB
Inactive:         574184 kB
Active(anon):    1044464 kB
Inactive(anon):   374004 kB
Active(file):     201944 kB
Inactive(file):   200180 kB
Unevictable:           0 kB
Mlocked:               0 kB
SwapTotal:       2095100 kB
SwapFree:        2087620 kB
Dirty:               424 kB
Writeback:             0 kB
AnonPages:       1412996 kB
Mapped:            89912 kB
Shmem:              5012 kB
Slab:              61296 kB
SReclaimable:      46400 kB
SUnreclaim:        14896 kB
KernelStack:        2744 kB
PageTables:        22292 kB
NFS_Unstable:          0 kB
Bounce:                0 kB
WritebackTmp:          0 kB
CommitLimit:     3123592 kB
Committed_AS:    2155068 kB
VmallocTotal:   34359738367 kB
VmallocUsed:       37924 kB
VmallocChunk:   34359696188 kB
HardwareCorrupted:     0 kB
HugePages_Total:       0
HugePages_Free:        0
HugePages_Rsvd:        0
HugePages_Surp:        0
Hugepagesize:       2048 kB
DirectMap4k:       42944 kB
DirectMap2M:     2054144 kB


CPU:total 1 (1 cores per cpu, 1 threads per core) family 6 model 42 stepping 7, cmov, cx8, fxsr, mmx, sse, sse2, sse3, ssse3

/proc/cpuinfo:
processor	: 0
vendor_id	: GenuineIntel
cpu family	: 6
model		: 42
model name	: Intel(R) Core(TM) i5-2500 CPU @ 3.30GHz
stepping	: 7
cpu MHz		: 3186.591
cache size	: 6144 KB
fpu		: yes
fpu_exception	: yes
cpuid level	: 5
wp		: yes
flags		: fpu vme de pse tsc msr pae mce cx8 apic sep mtrr pge mca cmov pat pse36 clflush mmx fxsr sse sse2 syscall nx lm constant_tsc up rep_good nopl pni monitor ssse3 lahf_lm
bogomips	: 6373.18
clflush size	: 64
cache_alignment	: 64
address sizes	: 36 bits physical, 48 bits virtual
power management:



Memory: 4k page, physical 2056988k(98996k free), swap 2095100k(2087620k free)

vm_info: Java HotSpot(TM) 64-Bit Server VM (21.0-b17) for linux-amd64 JRE (1.7.0-b147), built on Jun 27 2011 01:30:59 by "java_re" with gcc 4.3.0 20080428 (Red Hat 4.3.0-8)

time: Mon Oct 17 11:58:51 2011
elapsed time: 1 seconds

