#
# A fatal error has been detected by the Java Runtime Environment:
#
#  SIGSEGV (0xb) at pc=0x00007f296e966006, pid=13273, tid=139815846885120
#
# JRE version: 7.0-b147
# Java VM: Java HotSpot(TM) 64-Bit Server VM (21.0-b17 mixed mode linux-amd64 compressed oops)
# Problematic frame:
# V  [libjvm.so+0x3ed006]  DefNewGeneration::copy_to_survivor_space(oopDesc*)+0xf6
#
# Failed to write core dump. Core dumps have been disabled. To enable core dumping, try "ulimit -c unlimited" before starting Java again
#
# If you would like to submit a bug report, please visit:
#   http://bugreport.sun.com/bugreport/crash.jsp
#

---------------  T H R E A D  ---------------

Current thread (0x0000000000a5a000):  VMThread [stack: 0x00007f2969d33000,0x00007f2969e34000] [id=13280]

siginfo:si_signo=SIGSEGV: si_errno=0, si_code=1 (SEGV_MAPERR), si_addr=0x000001a1000000a8

Registers:
RAX=0x000001a100000000, RBX=0x00000000e71888e0, RCX=0x0000000000000001, RDX=0x00000000fb1b6a68
RSP=0x00007f2969e32690, RBP=0x00007f2969e326b0, RSI=0x00000000dc4da2c8, RDI=0x00000000fb1b6a78
R8 =0x0000000000000001, R9 =0x0000000000000000, R10=0x0000000000000000, R11=0x00007f296ed9ace0
R12=0x00000000dc4da2c8, R13=0x00007f296f1d6d40, R14=0x00000000009e50a0, R15=0x00000000e71888e4
RIP=0x00007f296e966006, EFLAGS=0x0000000000010202, CSGSFS=0x0000000000000033, ERR=0x0000000000000004
  TRAPNO=0x000000000000000e

Top of Stack: (sp=0x00007f2969e32690)
0x00007f2969e32690:   00000000e71888e0 00007f2969e327d0
0x00007f2969e326a0:   00007f296f1d6d40 00000000fc33b9e0
0x00007f2969e326b0:   00007f2969e32700 00007f296ea4ecec
0x00007f2969e326c0:   00000000e71888d0 00000000fc33b778
0x00007f2969e326d0:   00000000fc33b9e8 00000000e71888d0
0x00007f2969e326e0:   00000000e71990d8 0000000000000240
0x00007f2969e326f0:   00007f2969e327d0 00007f296f1eae28
0x00007f2969e32700:   00007f2969e32740 00007f296ed119e7
0x00007f2969e32710:   00000000009e7210 00007f2969e327d0
0x00007f2969e32720:   00000000009e7020 00007f2969e327d0
0x00007f2969e32730:   00000000009e5190 00000000009e4bf0
0x00007f2969e32740:   00007f2969e32760 00007f296ea148f9
0x00007f2969e32750:   0000000000000002 00000000009e4bf0
0x00007f2969e32760:   00007f2969e32790 00007f296ea0665a
0x00007f2969e32770:   0000000000000000 0000000000a57c10
0x00007f2969e32780:   0000000000000000 00000000009e50a0
0x00007f2969e32790:   00007f2969e32980 00007f296e967880
0x00007f2969e327a0:   00007f2969e32820 00007f2900000001
0x00007f2969e327b0:   00007f2969e327d0 00007f296ec3ef79
0x00007f2969e327c0:   00007f2969e328d0 0000000002186340
0x00007f2969e327d0:   00007f296f1aef70 00007f296e9d0300
0x00007f2969e327e0:   0000000000a57c10 00000000009e50a0
0x00007f2969e327f0:   00000000009e7020 00000000e5e00000
0x00007f2969e32800:   00000000009e4e50 00000000009e50a0
0x00007f2969e32810:   00000000e5e00000 00007f296a26bb01
0x00007f2969e32820:   00007f296f1aef70 00007f2900000000
0x00007f2969e32830:   0000000000a57c10 00000000009e50a0
0x00007f2969e32840:   00000000009e50a0 00000000db600000
0x00007f2969e32850:   00000000009e4e50 00000000009e50a0
0x00007f2969e32860:   00000000e5e00000 0000000000000000
0x00007f2969e32870:   00007f2969e32890 00007fffcf26a8ec
0x00007f2969e32880:   00007f2969e328f0 0000000000000001 

Instructions: (pc=0x00007f296e966006)
0x00007f296e965fe6:   7a 10 8b 4f 08 83 f9 00 0f 8f 66 ff ff ff 0f 85
0x00007f296e965ff6:   9e 01 00 00 66 0f 1f 44 00 00 48 8b 07 4c 89 e6
0x00007f296e966006:   ff 90 a8 00 00 00 4c 63 e8 49 8b 04 24 a8 01 0f
0x00007f296e966016:   84 5c ff ff ff 49 8b 04 24 48 c1 e8 03 83 e0 0f 

Register to memory mapping:

RAX=0x000001a100000000 is an unknown value
RBX=0x00000000e71888e0 is an oop
org.eclipse.internal.xtend.util.Pair 
 - klass: 'org/eclipse/internal/xtend/util/Pair'
RCX=0x0000000000000001 is an unknown value
RDX=0x00000000fb1b6a68 is an oop
{method} 
 - klass: {other class}
RSP=0x00007f2969e32690 is an unknown value
RBP=0x00007f2969e326b0 is an unknown value
RSI=
[error occurred during error reporting (printing register info), id 0xb]

Stack: [0x00007f2969d33000,0x00007f2969e34000],  sp=0x00007f2969e32690,  free space=1021k
Native frames: (J=compiled Java code, j=interpreted, Vv=VM code, C=native code)
V  [libjvm.so+0x3ed006]  DefNewGeneration::copy_to_survivor_space(oopDesc*)+0xf6
V  [libjvm.so+0x4d5cec]  instanceKlass::oop_oop_iterate_nv(oopDesc*, FastScanClosure*)+0x13c
V  [libjvm.so+0x7989e7]  ContiguousSpace::oop_since_save_marks_iterate_nv(FastScanClosure*)+0x77
V  [libjvm.so+0x49b8f9]  OneContigSpaceCardGeneration::oop_since_save_marks_iterate_nv(FastScanClosure*)+0x39
V  [libjvm.so+0x48d65a]  GenCollectedHeap::oop_since_save_marks_iterate(int, FastScanClosure*, FastScanClosure*)+0x5a
V  [libjvm.so+0x3ee880]  DefNewGeneration::collect(bool, bool, unsigned long, bool)+0x2b0
V  [libjvm.so+0x48eb62]  GenCollectedHeap::do_collection(bool, bool, unsigned long, bool, int)+0x672
V  [libjvm.so+0x38469e]  GenCollectorPolicy::satisfy_failed_allocation(unsigned long, bool)+0xce
V  [libjvm.so+0x84c594]  VM_GenCollectForAllocation::doit()+0x94
V  [libjvm.so+0x85285c]  VM_Operation::evaluate()+0x4c
V  [libjvm.so+0x851340]  VMThread::evaluate_operation(VM_Operation*)+0x80
V  [libjvm.so+0x851881]  VMThread::loop()+0x1a1
V  [libjvm.so+0x851f00]  VMThread::run()+0x70
V  [libjvm.so+0x6f84b0]  java_start(Thread*)+0x100

VM_Operation (0x00007f296fdf1650): GenCollectForAllocation, mode: safepoint, requested by thread 0x00000000009df000


---------------  P R O C E S S  ---------------

Java Threads: ( => current thread )
  0x0000000000ac3800 JavaThread "Service Thread" daemon [_thread_blocked, id=13286, stack(0x00007f2968f83000,0x00007f2969084000)]
  0x0000000000ab8000 JavaThread "C2 CompilerThread1" daemon [_thread_blocked, id=13285, stack(0x00007f2969084000,0x00007f2969185000)]
  0x0000000000ab5800 JavaThread "C2 CompilerThread0" daemon [_thread_blocked, id=13284, stack(0x00007f2969185000,0x00007f2969286000)]
  0x0000000000ab3800 JavaThread "Signal Dispatcher" daemon [_thread_blocked, id=13283, stack(0x00007f2969286000,0x00007f2969387000)]
  0x0000000000a64000 JavaThread "Finalizer" daemon [_thread_blocked, id=13282, stack(0x00007f2969b31000,0x00007f2969c32000)]
  0x0000000000a61800 JavaThread "Reference Handler" daemon [_thread_blocked, id=13281, stack(0x00007f2969c32000,0x00007f2969d33000)]
  0x00000000009df000 JavaThread "main" [_thread_blocked, id=13275, stack(0x00007f296fcf4000,0x00007f296fdf5000)]

Other Threads:
=>0x0000000000a5a000 VMThread [stack: 0x00007f2969d33000,0x00007f2969e34000] [id=13280]
  0x0000000000ace800 WatcherThread [stack: 0x00007f2968e82000,0x00007f2968f83000] [id=13287]

VM state:at safepoint (normal execution)

VM Mutex/Monitor currently owned by a thread:  ([mutex/lock_event])
[0x00000000009db520] Threads_lock - owner thread: 0x0000000000a5a000
[0x00000000009dba20] Heap_lock - owner thread: 0x00000000009df000

Heap
 def new generation   total 14976K, used 14508K [0x00000000db600000, 0x00000000dc630000, 0x00000000e5e00000)
  eden space 13376K, 100% used [0x00000000db600000, 0x00000000dc310000, 0x00000000dc310000)
  from space 1600K,  70% used [0x00000000dc4a0000, 0x00000000dc5bb0d0, 0x00000000dc630000)
  to   space 1600K, 100% used [0x00000000dc310000, 0x00000000dc4a0000, 0x00000000dc4a0000)
 tenured generation   total 33036K, used 20125K [0x00000000e5e00000, 0x00000000e7e43000, 0x00000000fae00000)
   the space 33036K,  60% used [0x00000000e5e00000, 0x00000000e71a7638, 0x00000000e71a7800, 0x00000000e7e43000)
 compacting perm gen  total 28416K, used 28263K [0x00000000fae00000, 0x00000000fc9c0000, 0x0000000100000000)
   the space 28416K,  99% used [0x00000000fae00000, 0x00000000fc999f00, 0x00000000fc99a000, 0x00000000fc9c0000)
No shared spaces configured.

Code Cache  [0x00007f296a25a000, 0x00007f296a4ca000, 0x00007f296d25a000)
 total_blobs=1111 nmethods=780 adapters=282 free_code_cache=46876Kb largest_free_block=47930816

Dynamic libraries:
00400000-00401000 r-xp 00000000 08:01 799502                             /home/tema/Загрузки/jdk1.7.0/bin/java
00600000-00601000 rw-p 00000000 08:01 799502                             /home/tema/Загрузки/jdk1.7.0/bin/java
009d4000-03622000 rw-p 00000000 00:00 0                                  [heap]
db600000-dc630000 rw-p 00000000 00:00 0 
dc630000-e5e00000 rw-p 00000000 00:00 0 
e5e00000-e7e43000 rw-p 00000000 00:00 0 
e7e43000-fae00000 rw-p 00000000 00:00 0 
fae00000-fc9c0000 rw-p 00000000 00:00 0 
fc9c0000-100000000 rw-p 00000000 00:00 0 
7f2968939000-7f2968964000 r--p 00000000 08:01 1059936                    /usr/share/locale-langpack/ru/LC_MESSAGES/libc.mo
7f2968964000-7f296896d000 r--s 00254000 08:01 664626                     /home/tema/Загрузки/jdk1.7.0/jre/lib/resources.jar
7f296896d000-7f2968982000 r-xp 00000000 08:01 664565                     /home/tema/Загрузки/jdk1.7.0/jre/lib/amd64/libnet.so
7f2968982000-7f2968b82000 ---p 00015000 08:01 664565                     /home/tema/Загрузки/jdk1.7.0/jre/lib/amd64/libnet.so
7f2968b82000-7f2968b83000 rw-p 00015000 08:01 664565                     /home/tema/Загрузки/jdk1.7.0/jre/lib/amd64/libnet.so
7f2968b83000-7f2968b93000 r-xp 00000000 08:01 664578                     /home/tema/Загрузки/jdk1.7.0/jre/lib/amd64/libnio.so
7f2968b93000-7f2968d93000 ---p 00010000 08:01 664578                     /home/tema/Загрузки/jdk1.7.0/jre/lib/amd64/libnio.so
7f2968d93000-7f2968d94000 rw-p 00010000 08:01 664578                     /home/tema/Загрузки/jdk1.7.0/jre/lib/amd64/libnio.so
7f2968d94000-7f2968d9a000 r--s 00040000 08:01 665106                     /home/tema/.eclipse/org.eclipse.platform_3.5.0_155965261/plugins/org.eclipse.xtext.common.types_2.0.1.v201108020636.jar
7f2968d9a000-7f2968d9f000 r--s 0002d000 08:01 665228                     /home/tema/.eclipse/org.eclipse.platform_3.5.0_155965261/plugins/org.eclipse.emf.mwe2.language_2.0.1.v201108020809.jar
7f2968d9f000-7f2968da3000 r--s 00088000 08:01 664551                     /home/tema/Загрузки/jdk1.7.0/jre/lib/jsse.jar
7f2968da3000-7f2968da5000 r--s 00005000 08:01 665229                     /home/tema/.eclipse/org.eclipse.platform_3.5.0_155965261/plugins/org.eclipse.emf.mwe2.launch_2.0.1.v201108020809.jar
7f2968da5000-7f2968da6000 r--s 00003000 08:01 665198                     /home/tema/.eclipse/org.eclipse.platform_3.5.0_155965261/plugins/org.eclipse.xtext.xtend2.lib_2.0.1.v201108020636.jar
7f2968da6000-7f2968da8000 r--s 00009000 08:01 665192                     /home/tema/.eclipse/org.eclipse.platform_3.5.0_155965261/plugins/org.eclipse.xtext.xbase.lib_2.0.1.v201108020636.jar
7f2968da8000-7f2968da9000 r--s 00006000 08:01 665226                     /home/tema/.eclipse/org.eclipse.platform_3.5.0_155965261/plugins/org.eclipse.emf.mwe2.lib_2.0.1.v201108020506.jar
7f2968da9000-7f2968db8000 r--s 0015a000 08:01 665087                     /home/tema/.eclipse/org.eclipse.platform_3.5.0_155965261/plugins/org.antlr.generator_3.2.0.v201108011202.jar
7f2968db8000-7f2968dba000 r--s 00000000 08:01 665086                     /home/tema/.eclipse/org.eclipse.platform_3.5.0_155965261/plugins/de.itemis.xtext.antlr_2.0.0.v201108011202.jar
7f2968dba000-7f2968dbf000 r--s 00041000 08:01 664744                     /home/tema/.eclipse/org.eclipse.platform_3.5.0_155965261/plugins/org.eclipse.emf.codegen_2.5.0.v200906151043.jar
7f2968dbf000-7f2968dc7000 r--s 000db000 08:01 664747                     /home/tema/.eclipse/org.eclipse.platform_3.5.0_155965261/plugins/org.eclipse.emf.codegen.ecore_2.5.0.v200906151043.jar
7f2968dc7000-7f2968dc9000 r--s 0000e000 08:01 665238                     /home/tema/.eclipse/org.eclipse.platform_3.5.0_155965261/plugins/org.eclipse.xtend.typesystem.emf_1.0.1.v201108020519.jar
7f2968dc9000-7f2968dce000 r--s 00036000 08:01 665231                     /home/tema/.eclipse/org.eclipse.platform_3.5.0_155965261/plugins/org.eclipse.xpand_1.1.0.v201108020519.jar
7f2968dce000-7f2968dec000 r--s 00549000 08:01 803732                     /usr/share/java/com.ibm.icu-4.0.1.1.jar
7f2968dec000-7f2968df8000 r--s 00075000 08:01 665234                     /home/tema/.eclipse/org.eclipse.platform_3.5.0_155965261/plugins/org.eclipse.xtend_1.1.0.v201108020519.jar
7f2968df8000-7f2968e0c000 r--s 000ba000 08:01 665117                     /home/tema/.eclipse/org.eclipse.platform_3.5.0_155965261/plugins/org.eclipse.xtext.generator_2.0.1.v201108020636.jar
7f2968e0c000-7f2968e0e000 r--s 00014000 08:01 803829                     /usr/share/java/servlet-api-2.5.jar
7f2968e0e000-7f2968e10000 r--s 0000c000 08:01 803818                     /usr/share/java/commons-logging-1.1.1.jar
7f2968e10000-7f2968e18000 r--s 0005e000 08:01 665099                     /home/tema/.eclipse/org.eclipse.platform_3.5.0_155965261/plugins/org.apache.log4j_1.2.15.v201012070815.jar
7f2968e18000-7f2968e19000 r--s 00007000 08:01 665225                     /home/tema/.eclipse/org.eclipse.platform_3.5.0_155965261/plugins/org.eclipse.emf.mwe.utils_1.1.1.v201108020506.jar
7f2968e19000-7f2968e1a000 r--s 00002000 08:01 665227                     /home/tema/.eclipse/org.eclipse.platform_3.5.0_155965261/plugins/org.eclipse.emf.mwe2.runtime_2.0.1.v201108020506.jar
7f2968e1a000-7f2968e1b000 r--s 0000b000 08:01 665219                     /home/tema/.eclipse/org.eclipse.platform_3.5.0_155965261/plugins/org.apache.commons.cli_1.2.0.v201105210650.jar
7f2968e1b000-7f2968e21000 r--s 00028000 08:01 665220                     /home/tema/.eclipse/org.eclipse.platform_3.5.0_155965261/plugins/org.eclipse.emf.mwe.core_1.1.1.v201108020506.jar
7f2968e21000-7f2968e25000 r--s 0002f000 08:01 665092                     /home/tema/.eclipse/org.eclipse.platform_3.5.0_155965261/plugins/org.antlr.runtime_3.2.0.v201101311130.jar
7f2968e25000-7f2968e34000 r--s 000a8000 08:01 665090                     /home/tema/.eclipse/org.eclipse.platform_3.5.0_155965261/plugins/com.google.inject_2.0.0.v201105231817.jar
7f2968e34000-7f2968e40000 r--s 0008b000 08:01 665088                     /home/tema/.eclipse/org.eclipse.platform_3.5.0_155965261/plugins/com.google.collect_1.0.0.v201105210816.jar
7f2968e40000-7f2968e44000 r--s 0001e000 08:01 665187                     /home/tema/.eclipse/org.eclipse.platform_3.5.0_155965261/plugins/org.eclipse.xtext.util_2.0.1.v201108020636.jar
7f2968e44000-7f2968e48000 r--s 0002e000 08:01 664746                     /home/tema/.eclipse/org.eclipse.platform_3.5.0_155965261/plugins/org.eclipse.emf.common_2.5.0.v200906151043.jar
7f2968e48000-7f2968e57000 r--s 000f3000 08:01 664750                     /home/tema/.eclipse/org.eclipse.platform_3.5.0_155965261/plugins/org.eclipse.emf.ecore_2.5.0.v200906151043.jar
7f2968e57000-7f2968e82000 r--s 001bb000 08:01 665101                     /home/tema/.eclipse/org.eclipse.platform_3.5.0_155965261/plugins/org.eclipse.xtext_2.0.1.v201108020636.jar
7f2968e82000-7f2968e83000 ---p 00000000 00:00 0 
7f2968e83000-7f2968f83000 rw-p 00000000 00:00 0 
7f2968f83000-7f2968f86000 ---p 00000000 00:00 0 
7f2968f86000-7f2969084000 rw-p 00000000 00:00 0 
7f2969084000-7f2969087000 ---p 00000000 00:00 0 
7f2969087000-7f2969185000 rw-p 00000000 00:00 0 
7f2969185000-7f2969188000 ---p 00000000 00:00 0 
7f2969188000-7f2969286000 rw-p 00000000 00:00 0 
7f2969286000-7f2969289000 ---p 00000000 00:00 0 
7f2969289000-7f2969387000 rw-p 00000000 00:00 0 
7f2969387000-7f2969b31000 r--p 00000000 08:01 531199                     /usr/lib/locale/locale-archive
7f2969b31000-7f2969b34000 ---p 00000000 00:00 0 
7f2969b34000-7f2969c32000 rw-p 00000000 00:00 0 
7f2969c32000-7f2969c35000 ---p 00000000 00:00 0 
7f2969c35000-7f2969d33000 rw-p 00000000 00:00 0 
7f2969d33000-7f2969d34000 ---p 00000000 00:00 0 
7f2969d34000-7f2969ea4000 rw-p 00000000 00:00 0 
7f2969ea4000-7f296a063000 r--s 039fa000 08:01 664557                     /home/tema/Загрузки/jdk1.7.0/jre/lib/rt.jar
7f296a063000-7f296a09c000 rw-p 00000000 00:00 0 
7f296a09c000-7f296a134000 rw-p 00000000 00:00 0 
7f296a134000-7f296a13d000 rw-p 00000000 00:00 0 
7f296a13d000-7f296a188000 rw-p 00000000 00:00 0 
7f296a188000-7f296a199000 rw-p 00000000 00:00 0 
7f296a199000-7f296a230000 rw-p 00000000 00:00 0 
7f296a230000-7f296a23e000 rw-p 00000000 00:00 0 
7f296a23e000-7f296a259000 rw-p 00000000 00:00 0 
7f296a259000-7f296a25a000 rw-p 00000000 00:00 0 
7f296a25a000-7f296a4ca000 rwxp 00000000 00:00 0 
7f296a4ca000-7f296d25a000 rw-p 00000000 00:00 0 
7f296d25a000-7f296d274000 r-xp 00000000 08:01 664576                     /home/tema/Загрузки/jdk1.7.0/jre/lib/amd64/libzip.so
7f296d274000-7f296d474000 ---p 0001a000 08:01 664576                     /home/tema/Загрузки/jdk1.7.0/jre/lib/amd64/libzip.so
7f296d474000-7f296d475000 rw-p 0001a000 08:01 664576                     /home/tema/Загрузки/jdk1.7.0/jre/lib/amd64/libzip.so
7f296d475000-7f296d481000 r-xp 00000000 08:01 1312117                    /lib/x86_64-linux-gnu/libnss_files-2.13.so
7f296d481000-7f296d680000 ---p 0000c000 08:01 1312117                    /lib/x86_64-linux-gnu/libnss_files-2.13.so
7f296d680000-7f296d681000 r--p 0000b000 08:01 1312117                    /lib/x86_64-linux-gnu/libnss_files-2.13.so
7f296d681000-7f296d682000 rw-p 0000c000 08:01 1312117                    /lib/x86_64-linux-gnu/libnss_files-2.13.so
7f296d682000-7f296d68d000 r-xp 00000000 08:01 1312121                    /lib/x86_64-linux-gnu/libnss_nis-2.13.so
7f296d68d000-7f296d88c000 ---p 0000b000 08:01 1312121                    /lib/x86_64-linux-gnu/libnss_nis-2.13.so
7f296d88c000-7f296d88d000 r--p 0000a000 08:01 1312121                    /lib/x86_64-linux-gnu/libnss_nis-2.13.so
7f296d88d000-7f296d88e000 rw-p 0000b000 08:01 1312121                    /lib/x86_64-linux-gnu/libnss_nis-2.13.so
7f296d88e000-7f296d8a5000 r-xp 00000000 08:01 1312111                    /lib/x86_64-linux-gnu/libnsl-2.13.so
7f296d8a5000-7f296daa4000 ---p 00017000 08:01 1312111                    /lib/x86_64-linux-gnu/libnsl-2.13.so
7f296daa4000-7f296daa5000 r--p 00016000 08:01 1312111                    /lib/x86_64-linux-gnu/libnsl-2.13.so
7f296daa5000-7f296daa6000 rw-p 00017000 08:01 1312111                    /lib/x86_64-linux-gnu/libnsl-2.13.so
7f296daa6000-7f296daa8000 rw-p 00000000 00:00 0 
7f296daa8000-7f296dab0000 r-xp 00000000 08:01 1312113                    /lib/x86_64-linux-gnu/libnss_compat-2.13.so
7f296dab0000-7f296dcaf000 ---p 00008000 08:01 1312113                    /lib/x86_64-linux-gnu/libnss_compat-2.13.so
7f296dcaf000-7f296dcb0000 r--p 00007000 08:01 1312113                    /lib/x86_64-linux-gnu/libnss_compat-2.13.so
7f296dcb0000-7f296dcb1000 rw-p 00008000 08:01 1312113                    /lib/x86_64-linux-gnu/libnss_compat-2.13.so
7f296dcb1000-7f296dcda000 r-xp 00000000 08:01 664595                     /home/tema/Загрузки/jdk1.7.0/jre/lib/amd64/libjava.so
7f296dcda000-7f296deda000 ---p 00029000 08:01 664595                     /home/tema/Загрузки/jdk1.7.0/jre/lib/amd64/libjava.so
7f296deda000-7f296dedc000 rw-p 00029000 08:01 664595                     /home/tema/Загрузки/jdk1.7.0/jre/lib/amd64/libjava.so
7f296dedc000-7f296deeb000 r-xp 00000000 08:01 664566                     /home/tema/Загрузки/jdk1.7.0/jre/lib/amd64/libverify.so
7f296deeb000-7f296e0ea000 ---p 0000f000 08:01 664566                     /home/tema/Загрузки/jdk1.7.0/jre/lib/amd64/libverify.so
7f296e0ea000-7f296e0ec000 rw-p 0000e000 08:01 664566                     /home/tema/Загрузки/jdk1.7.0/jre/lib/amd64/libverify.so
7f296e0ec000-7f296e0f3000 r-xp 00000000 08:01 1312140                    /lib/x86_64-linux-gnu/librt-2.13.so
7f296e0f3000-7f296e2f2000 ---p 00007000 08:01 1312140                    /lib/x86_64-linux-gnu/librt-2.13.so
7f296e2f2000-7f296e2f3000 r--p 00006000 08:01 1312140                    /lib/x86_64-linux-gnu/librt-2.13.so
7f296e2f3000-7f296e2f4000 rw-p 00007000 08:01 1312140                    /lib/x86_64-linux-gnu/librt-2.13.so
7f296e2f4000-7f296e378000 r-xp 00000000 08:01 1312108                    /lib/x86_64-linux-gnu/libm-2.13.so
7f296e378000-7f296e577000 ---p 00084000 08:01 1312108                    /lib/x86_64-linux-gnu/libm-2.13.so
7f296e577000-7f296e578000 r--p 00083000 08:01 1312108                    /lib/x86_64-linux-gnu/libm-2.13.so
7f296e578000-7f296e579000 rw-p 00084000 08:01 1312108                    /lib/x86_64-linux-gnu/libm-2.13.so
7f296e579000-7f296ef49000 r-xp 00000000 08:01 1061269                    /home/tema/Загрузки/jdk1.7.0/jre/lib/amd64/server/libjvm.so
7f296ef49000-7f296f149000 ---p 009d0000 08:01 1061269                    /home/tema/Загрузки/jdk1.7.0/jre/lib/amd64/server/libjvm.so
7f296f149000-7f296f1e4000 rw-p 009d0000 08:01 1061269                    /home/tema/Загрузки/jdk1.7.0/jre/lib/amd64/server/libjvm.so
7f296f1e4000-7f296f21d000 rw-p 00000000 00:00 0 
7f296f21d000-7f296f3a7000 r-xp 00000000 08:01 1312071                    /lib/x86_64-linux-gnu/libc-2.13.so
7f296f3a7000-7f296f5a6000 ---p 0018a000 08:01 1312071                    /lib/x86_64-linux-gnu/libc-2.13.so
7f296f5a6000-7f296f5aa000 r--p 00189000 08:01 1312071                    /lib/x86_64-linux-gnu/libc-2.13.so
7f296f5aa000-7f296f5ab000 rw-p 0018d000 08:01 1312071                    /lib/x86_64-linux-gnu/libc-2.13.so
7f296f5ab000-7f296f5b1000 rw-p 00000000 00:00 0 
7f296f5b1000-7f296f5b3000 r-xp 00000000 08:01 1312081                    /lib/x86_64-linux-gnu/libdl-2.13.so
7f296f5b3000-7f296f7b3000 ---p 00002000 08:01 1312081                    /lib/x86_64-linux-gnu/libdl-2.13.so
7f296f7b3000-7f296f7b4000 r--p 00002000 08:01 1312081                    /lib/x86_64-linux-gnu/libdl-2.13.so
7f296f7b4000-7f296f7b5000 rw-p 00003000 08:01 1312081                    /lib/x86_64-linux-gnu/libdl-2.13.so
7f296f7b5000-7f296f7cb000 r-xp 00000000 08:01 799702                     /home/tema/Загрузки/jdk1.7.0/jre/lib/amd64/jli/libjli.so
7f296f7cb000-7f296f9ca000 ---p 00016000 08:01 799702                     /home/tema/Загрузки/jdk1.7.0/jre/lib/amd64/jli/libjli.so
7f296f9ca000-7f296f9cb000 rw-p 00015000 08:01 799702                     /home/tema/Загрузки/jdk1.7.0/jre/lib/amd64/jli/libjli.so
7f296f9cb000-7f296f9e3000 r-xp 00000000 08:01 1312136                    /lib/x86_64-linux-gnu/libpthread-2.13.so
7f296f9e3000-7f296fbe3000 ---p 00018000 08:01 1312136                    /lib/x86_64-linux-gnu/libpthread-2.13.so
7f296fbe3000-7f296fbe4000 r--p 00018000 08:01 1312136                    /lib/x86_64-linux-gnu/libpthread-2.13.so
7f296fbe4000-7f296fbe5000 rw-p 00019000 08:01 1312136                    /lib/x86_64-linux-gnu/libpthread-2.13.so
7f296fbe5000-7f296fbe9000 rw-p 00000000 00:00 0 
7f296fbe9000-7f296fc0a000 r-xp 00000000 08:01 1312058                    /lib/x86_64-linux-gnu/ld-2.13.so
7f296fc0a000-7f296fc18000 rw-p 00000000 00:00 0 
7f296fc18000-7f296fc34000 rw-p 00000000 00:00 0 
7f296fc34000-7f296fc3e000 rw-p 00000000 00:00 0 
7f296fc3e000-7f296fcf4000 rw-p 00000000 00:00 0 
7f296fcf4000-7f296fcf7000 ---p 00000000 00:00 0 
7f296fcf7000-7f296fdf9000 rw-p 00000000 00:00 0 
7f296fdf9000-7f296fdfd000 r--s 00032000 08:01 664754                     /home/tema/.eclipse/org.eclipse.platform_3.5.0_155965261/plugins/org.eclipse.emf.ecore.xmi_2.5.0.v200906151043.jar
7f296fdfd000-7f296fe05000 rw-s 00000000 08:01 1187523                    /tmp/hsperfdata_tema/13273
7f296fe05000-7f296fe06000 rw-p 00000000 00:00 0 
7f296fe06000-7f296fe07000 ---p 00000000 00:00 0 
7f296fe07000-7f296fe09000 rw-p 00000000 00:00 0 
7f296fe09000-7f296fe0a000 r--p 00020000 08:01 1312058                    /lib/x86_64-linux-gnu/ld-2.13.so
7f296fe0a000-7f296fe0c000 rw-p 00021000 08:01 1312058                    /lib/x86_64-linux-gnu/ld-2.13.so
7fffcf243000-7fffcf265000 rw-p 00000000 00:00 0                          [stack]
7fffcf26a000-7fffcf26b000 r-xp 00000000 00:00 0                          [vdso]
ffffffffff600000-ffffffffff601000 r-xp 00000000 00:00 0                  [vsyscall]

VM Arguments:
jvm_args: -Dfile.encoding=UTF-8 
java_command: org.eclipse.emf.mwe2.launch.runtime.Mwe2Launcher src/org/eclipse/iee/translator/jmole/math/GenerateMath.mwe2
Launcher Type: SUN_STANDARD

Environment Variables:
PATH=/usr/local/sbin:/usr/local/bin:/usr/sbin:/usr/bin:/sbin:/bin:/usr/games
USERNAME=tema
LD_LIBRARY_PATH=/home/tema/Загрузки/jdk1.7.0/jre/lib/amd64/server:/home/tema/Загрузки/jdk1.7.0/jre/lib/amd64:/home/tema/Загрузки/jdk1.7.0/jre/../lib/amd64:/usr/lib/jvm/java-6-openjdk/jre/lib/amd64/server:/usr/lib/jvm/java-6-openjdk/jre/lib/amd64:/usr/lib/jvm/java-6-openjdk/jre/../lib/amd64:/usr/lib/xulrunner-1.9.2.17
SHELL=/bin/bash
DISPLAY=:0.0

Signal Handlers:
SIGSEGV: [libjvm.so+0x84be70], sa_mask[0]=0x7ffbfeff, sa_flags=0x10000004
SIGBUS: [libjvm.so+0x84be70], sa_mask[0]=0x7ffbfeff, sa_flags=0x10000004
SIGFPE: [libjvm.so+0x6f3820], sa_mask[0]=0x7ffbfeff, sa_flags=0x10000004
SIGPIPE: [libjvm.so+0x6f3820], sa_mask[0]=0x7ffbfeff, sa_flags=0x10000004
SIGXFSZ: [libjvm.so+0x6f3820], sa_mask[0]=0x7ffbfeff, sa_flags=0x10000004
SIGILL: [libjvm.so+0x6f3820], sa_mask[0]=0x7ffbfeff, sa_flags=0x10000004
SIGUSR1: SIG_DFL, sa_mask[0]=0x00000000, sa_flags=0x00000000
SIGUSR2: [libjvm.so+0x6f3190], sa_mask[0]=0x00000004, sa_flags=0x10000004
SIGHUP: [libjvm.so+0x6f5650], sa_mask[0]=0x7ffbfeff, sa_flags=0x10000004
SIGINT: [libjvm.so+0x6f5650], sa_mask[0]=0x7ffbfeff, sa_flags=0x10000004
SIGTERM: [libjvm.so+0x6f5650], sa_mask[0]=0x7ffbfeff, sa_flags=0x10000004
SIGQUIT: [libjvm.so+0x6f5650], sa_mask[0]=0x7ffbfeff, sa_flags=0x10000004


---------------  S Y S T E M  ---------------

OS:squeeze/sid

uname:Linux 2.6.38-8-generic #42-Ubuntu SMP Mon Apr 11 03:31:24 UTC 2011 x86_64
libc:glibc 2.13 NPTL 2.13 
rlimit: STACK 8192k, CORE 0k, NPROC infinity, NOFILE 4096, AS infinity
load average:0,64 0,28 0,14

/proc/meminfo:
MemTotal:        2056988 kB
MemFree:           16760 kB
Buffers:          140292 kB
Cached:           266892 kB
SwapCached:          452 kB
Active:          1323916 kB
Inactive:         578816 kB
Active(anon):    1124164 kB
Inactive(anon):   376392 kB
Active(file):     199752 kB
Inactive(file):   202424 kB
Unevictable:           0 kB
Mlocked:               0 kB
SwapTotal:       2095100 kB
SwapFree:        2087620 kB
Dirty:               632 kB
Writeback:             0 kB
AnonPages:       1495120 kB
Mapped:            90172 kB
Shmem:              5012 kB
Slab:              61340 kB
SReclaimable:      46412 kB
SUnreclaim:        14928 kB
KernelStack:        2768 kB
PageTables:        22456 kB
NFS_Unstable:          0 kB
Bounce:                0 kB
WritebackTmp:          0 kB
CommitLimit:     3123592 kB
Committed_AS:    2214652 kB
VmallocTotal:   34359738367 kB
VmallocUsed:       37924 kB
VmallocChunk:   34359696188 kB
HardwareCorrupted:     0 kB
HugePages_Total:       0
HugePages_Free:        0
HugePages_Rsvd:        0
HugePages_Surp:        0
Hugepagesize:       2048 kB
DirectMap4k:       42944 kB
DirectMap2M:     2054144 kB


CPU:total 1 (1 cores per cpu, 1 threads per core) family 6 model 42 stepping 7, cmov, cx8, fxsr, mmx, sse, sse2, sse3, ssse3

/proc/cpuinfo:
processor	: 0
vendor_id	: GenuineIntel
cpu family	: 6
model		: 42
model name	: Intel(R) Core(TM) i5-2500 CPU @ 3.30GHz
stepping	: 7
cpu MHz		: 3186.591
cache size	: 6144 KB
fpu		: yes
fpu_exception	: yes
cpuid level	: 5
wp		: yes
flags		: fpu vme de pse tsc msr pae mce cx8 apic sep mtrr pge mca cmov pat pse36 clflush mmx fxsr sse sse2 syscall nx lm constant_tsc up rep_good nopl pni monitor ssse3 lahf_lm
bogomips	: 6373.18
clflush size	: 64
cache_alignment	: 64
address sizes	: 36 bits physical, 48 bits virtual
power management:



Memory: 4k page, physical 2056988k(16760k free), swap 2095100k(2087620k free)

vm_info: Java HotSpot(TM) 64-Bit Server VM (21.0-b17) for linux-amd64 JRE (1.7.0-b147), built on Jun 27 2011 01:30:59 by "java_re" with gcc 4.3.0 20080428 (Red Hat 4.3.0-8)

time: Mon Oct 17 11:58:32 2011
elapsed time: 13 seconds

